[32m[I 2022-08-16 14:12:38,801][0m Trial 122 finished with value: 79.96774746530491 and parameters: {'a': 2.475761997735802, 'b': 5.028207468502057, 'c': 0.4989217071525159, 'd': 2.9360412689641286, 'e': -0.2647158857739682, 'f': 0.48633607774825893, 'g': 2.6780649996007977, 'h': -0.6859957023118447, 'i': -1.6188161518628172, 'j': -2.1258122218004285, 'k': -1.0888132359389209, 'l': -1.9591741929601836, 'm': 1.0060625566665127, 'n': -1.7741978044340148, 'o': -1.1393035351652179, 'p': -0.32526726275591245, 'q': 2.9038133798023242, 'r': 1.119601330873699, 's': 0.7815132700664525, 't': 1.9269988252493566}. Best is trial 127 with value: 29.185645535984374.[0m
Minimum objective value: 29.185645535984374
Best parameter: {'a': 0.32163582149526593, 'b': -1.4766657257044207, 'c': -0.6332990679413204, 'd': -1.2374396208293197, 'e': 1.1734586634510689, 'f': -0.4059724991286807, 'g': -0.6140777149168748, 'h': -0.6548852904632678, 'i': -0.887796229896664, 'j': 1.4407724693954658, 'k': -0.3475451163987159, 'l': 1.8672788232662334, 'm': -2.2292080405857524, 'n': 0.4840689681157848, 'o': 0.6931448107810555, 'p': -0.8731250815859333, 'q': -0.7939997965568013, 'r': -0.1416007763732955, 's': -1.4272202019853175, 't': 2.6487897305911887}
[32m[I 2022-08-16 14:12:38,961][0m Trial 137 finished with value: 59.32071851031927 and parameters: {'a': 1.448496194484746, 'b': -2.627068952816396, 'c': 0.22396133573350255, 'd': -0.9648838005813383, 'e': -0.5063318652433774, 'f': 0.8376021132814948, 'g': 0.784020178840109, 'h': -2.384414403682389, 'i': -0.21408957731792977, 'j': -0.7781500659782111, 'k': 1.124014727407373, 'l': -1.9832790867651444, 'm': -0.22118180577456734, 'n': -2.5267092952454737, 'o': 3.3270608754225472, 'p': 0.21865051842236635, 'q': 2.3900079762302466, 'r': -0.5934879392594462, 's': 0.9315922523277262, 't': 3.4279946256635303}. Best is trial 127 with value: 29.185645535984374.[0m
Minimum objective value: 29.185645535984374
Best parameter: {'a': 0.32163582149526593, 'b': -1.4766657257044207, 'c': -0.6332990679413204, 'd': -1.2374396208293197, 'e': 1.1734586634510689, 'f': -0.4059724991286807, 'g': -0.6140777149168748, 'h': -0.6548852904632678, 'i': -0.887796229896664, 'j': 1.4407724693954658, 'k': -0.3475451163987159, 'l': 1.8672788232662334, 'm': -2.2292080405857524, 'n': 0.4840689681157848, 'o': 0.6931448107810555, 'p': -0.8731250815859333, 'q': -0.7939997965568013, 'r': -0.1416007763732955, 's': -1.4272202019853175, 't': 2.6487897305911887}
[32m[I 2022-08-16 14:12:39,405][0m Trial 133 finished with value: 79.75068015145955 and parameters: {'a': 0.8256099400350552, 'b': -0.493588020124152, 'c': 1.0536352745620043, 'd': -0.7650488704117504, 'e': -3.9981598919984362, 'f': -0.9355535786271617, 'g': 0.13413782866743612, 'h': -2.9717738033432664, 'i': -4.126164717338747, 'j': -0.6060639179011666, 'k': 0.48736336232983346, 'l': -3.166742476679367, 'm': -2.1716493102205563, 'n': -2.223006275166198, 'o': -0.6997379319977394, 'p': -2.231076539562737, 'q': 1.304558823646116, 'r': -1.809124455011253, 's': -1.7805385541987362, 't': -0.7009929167882255}. Best is trial 127 with value: 29.185645535984374.[0m
Minimum objective value: 29.185645535984374
Best parameter: {'a': 0.32163582149526593, 'b': -1.4766657257044207, 'c': -0.6332990679413204, 'd': -1.2374396208293197, 'e': 1.1734586634510689, 'f': -0.4059724991286807, 'g': -0.6140777149168748, 'h': -0.6548852904632678, 'i': -0.887796229896664, 'j': 1.4407724693954658, 'k': -0.3475451163987159, 'l': 1.8672788232662334, 'm': -2.2292080405857524, 'n': 0.4840689681157848, 'o': 0.6931448107810555, 'p': -0.8731250815859333, 'q': -0.7939997965568013, 'r': -0.1416007763732955, 's': -1.4272202019853175, 't': 2.6487897305911887}
[32m[I 2022-08-16 14:12:39,774][0m Trial 134 finished with value: 53.369652940733545 and parameters: {'a': -0.960970608247683, 'b': 2.5562576078225057, 'c': -0.3214011795893632, 'd': 3.7781927829816846, 'e': 2.758696206447877, 'f': 2.5999017181198676, 'g': 0.6560134325298108, 'h': -0.7379933173746325, 'i': -0.20365436029798, 'j': -0.9512998979929299, 'k': 0.2805624786814954, 'l': -0.08633774615437104, 'm': -0.8334568034066654, 'n': -0.23546366506183647, 'o': 1.603698593444637, 'p': 2.117077897719098, 'q': -0.08056871648148883, 'r': 2.6103977984664892, 's': -0.7289526580956627, 't': 0.014040459727485799}. Best is trial 127 with value: 29.185645535984374.[0m
Minimum objective value: 29.185645535984374
Best parameter: {'a': 0.32163582149526593, 'b': -1.4766657257044207, 'c': -0.6332990679413204, 'd': -1.2374396208293197, 'e': 1.1734586634510689, 'f': -0.4059724991286807, 'g': -0.6140777149168748, 'h': -0.6548852904632678, 'i': -0.887796229896664, 'j': 1.4407724693954658, 'k': -0.3475451163987159, 'l': 1.8672788232662334, 'm': -2.2292080405857524, 'n': 0.4840689681157848, 'o': 0.6931448107810555, 'p': -0.8731250815859333, 'q': -0.7939997965568013, 'r': -0.1416007763732955, 's': -1.4272202019853175, 't': 2.6487897305911887}
[32m[I 2022-08-16 14:12:40,414][0m Trial 138 finished with value: 58.13815346387812 and parameters: {'a': 1.3328765110990022, 'b': 1.9478938888059445, 'c': -1.164607162627462, 'd': -0.3484562133699673, 'e': -0.6983624219387516, 'f': 0.21079660763842384, 'g': -0.5216102762563413, 'h': 0.07263265776657746, 'i': -0.5604523088096159, 'j': 1.0514391150109712, 'k': 4.005663887189451, 'l': -1.6561568162498852, 'm': 0.09191672422653668, 'n': -1.624257660672381, 'o': 3.112331091383796, 'p': -0.3919928959385251, 'q': 0.8455920373499095, 'r': -1.7669984150760534, 's': -3.7075551368808704, 't': 0.04521698436453092}. Best is trial 127 with value: 29.185645535984374.[0m
Minimum objective value: 29.185645535984374
Best parameter: {'a': 0.32163582149526593, 'b': -1.4766657257044207, 'c': -0.6332990679413204, 'd': -1.2374396208293197, 'e': 1.1734586634510689, 'f': -0.4059724991286807, 'g': -0.6140777149168748, 'h': -0.6548852904632678, 'i': -0.887796229896664, 'j': 1.4407724693954658, 'k': -0.3475451163987159, 'l': 1.8672788232662334, 'm': -2.2292080405857524, 'n': 0.4840689681157848, 'o': 0.6931448107810555, 'p': -0.8731250815859333, 'q': -0.7939997965568013, 'r': -0.1416007763732955, 's': -1.4272202019853175, 't': 2.6487897305911887}
[32m[I 2022-08-16 14:12:40,731][0m Trial 126 finished with value: 54.44027989820553 and parameters: {'a': 1.9502030950788176, 'b': 0.9446297665737029, 'c': 1.988018010338453, 'd': 0.8762309738610122, 'e': 0.8770818217675723, 'f': 2.4001410472044755, 'g': 2.4055552368927136, 'h': -0.9133898922969108, 'i': 1.6887262089734603, 'j': 0.993828403054098, 'k': 2.8096837568512774, 'l': 0.619722720953612, 'm': 2.71230534101922, 'n': -1.735694889205007, 'o': -1.3966102532220426, 'p': 0.903870638600121, 'q': 1.041592532340081, 'r': 2.151362584083532, 's': -0.6679785113984775, 't': 0.6779812875607393}. Best is trial 127 with value: 29.185645535984374.[0m
Minimum objective value: 29.185645535984374
Best parameter: {'a': 0.32163582149526593, 'b': -1.4766657257044207, 'c': -0.6332990679413204, 'd': -1.2374396208293197, 'e': 1.1734586634510689, 'f': -0.4059724991286807, 'g': -0.6140777149168748, 'h': -0.6548852904632678, 'i': -0.887796229896664, 'j': 1.4407724693954658, 'k': -0.3475451163987159, 'l': 1.8672788232662334, 'm': -2.2292080405857524, 'n': 0.4840689681157848, 'o': 0.6931448107810555, 'p': -0.8731250815859333, 'q': -0.7939997965568013, 'r': -0.1416007763732955, 's': -1.4272202019853175, 't': 2.6487897305911887}
[32m[I 2022-08-16 14:12:48,979][0m Trial 139 finished with value: 65.35518348853539 and parameters: {'a': 1.8485344147815133, 'b': -1.028644513215434, 'c': -0.4693317167614304, 'd': -0.5482814950184456, 'e': -3.21886887841783, 'f': 0.2697002579988036, 'g': 2.6142179675006765, 'h': -0.7347832892642135, 'i': -0.8436333819439131, 'j': 1.0235290323378312, 'k': 0.8416015932673694, 'l': -1.7646649313640095, 'm': 1.07041652358583, 'n': -2.9928240586750485, 'o': -0.11867737682510293, 'p': -0.11479451202501179, 'q': 1.1155128455926127, 'r': 0.9946451739131694, 's': -4.7335563202294, 't': 1.4829885675522587}. Best is trial 127 with value: 29.185645535984374.[0m
Minimum objective value: 29.185645535984374
Best parameter: {'a': 0.32163582149526593, 'b': -1.4766657257044207, 'c': -0.6332990679413204, 'd': -1.2374396208293197, 'e': 1.1734586634510689, 'f': -0.4059724991286807, 'g': -0.6140777149168748, 'h': -0.6548852904632678, 'i': -0.887796229896664, 'j': 1.4407724693954658, 'k': -0.3475451163987159, 'l': 1.8672788232662334, 'm': -2.2292080405857524, 'n': 0.4840689681157848, 'o': 0.6931448107810555, 'p': -0.8731250815859333, 'q': -0.7939997965568013, 'r': -0.1416007763732955, 's': -1.4272202019853175, 't': 2.6487897305911887}
