[32m[I 2022-08-16 14:12:07,128][0m Trial 55 finished with value: 136.46274369062172 and parameters: {'a': 4.805060261546692, 'b': 1.4235099784759635, 'c': -1.9407029714506963, 'd': 2.3807310059064966, 'e': -2.5005972818894406, 'f': 0.990279194262528, 'g': -3.947571755581912, 'h': -2.3157278547357523, 'i': 0.11886298963264696, 'j': -2.947820391302671, 'k': 2.2376264697994124, 'l': -0.055149871538429096, 'm': -1.8078089049080268, 'n': -1.9370666263707572, 'o': 0.5060877746958319, 'p': 0.5112356977244064, 'q': 1.860894526403639, 'r': -3.859135766741098, 's': -4.122998543937126, 't': 4.1385195948765405}. Best is trial 74 with value: 29.489863628966628.[0m
[32m[I 2022-08-16 14:12:07,414][0m Trial 43 finished with value: 186.15791982558645 and parameters: {'a': 3.6859904966186035, 'b': -4.158401377383596, 'c': 3.4540374615830443, 'd': -0.2781824762759122, 'e': -1.4916364227451662, 'f': -1.4823290251149421, 'g': -3.156808107758037, 'h': 3.025865424127974, 'i': -4.171238785244626, 'j': 2.160969687069244, 'k': -2.16502797960861, 'l': 4.79585169907972, 'm': 3.4068695785554164, 'n': 3.510266759354038, 'o': -2.578969721846331, 'p': 3.455547056199694, 'q': 0.13840315085204757, 'r': 1.9961591584574059, 's': -3.394223732062652, 't': -3.4534050567634305}. Best is trial 74 with value: 29.489863628966628.[0m
[32m[I 2022-08-16 14:12:07,724][0m Trial 16 finished with value: 98.72796014204418 and parameters: {'a': 1.272686599459191, 'b': -2.7011072984091617, 'c': 0.4459245034246786, 'd': -1.943279056705013, 'e': 4.778772330331566, 'f': 1.2972729368859097, 'g': 3.6254089855262324, 'h': -3.151287672463084, 'i': 1.7270513554694915, 'j': -1.0767793975263977, 'k': 2.1114443974218844, 'l': -0.22392764194494674, 'm': -1.6075864750163409, 'n': -0.7434174999819136, 'o': -2.2525392211888686, 'p': 2.3123359733774977, 'q': 0.23583231455196696, 'r': -3.487458477146396, 's': -0.8999405396723921, 't': 1.7340898421282773}. Best is trial 74 with value: 29.489863628966628.[0m
[32m[I 2022-08-16 14:12:07,729][0m Trial 32 finished with value: 176.4589958735032 and parameters: {'a': 4.988284195557472, 'b': -0.003348836290042456, 'c': -1.559374615396083, 'd': -3.197916731980656, 'e': 0.1844897638256997, 'f': -2.850939093609269, 'g': -4.343851198924057, 'h': 1.2745586981857802, 'i': -5.09202419723066, 'j': 0.8637943846826648, 'k': -3.6238083569547395, 'l': -2.487940857060493, 'm': 1.2259554895794773, 'n': -2.2791218928413173, 'o': -2.6720448222155824, 'p': -3.229414091273169, 'q': -3.009246948982021, 'r': -5.006573878695381, 's': 1.6800011775269663, 't': 1.7480011773571267}. Best is trial 74 with value: 29.489863628966628.[0m
[32m[I 2022-08-16 14:12:07,960][0m Trial 53 finished with value: 154.36839789392548 and parameters: {'a': 4.518700614085662, 'b': -1.8996382063791875, 'c': 2.800913947341221, 'd': -0.20743454022814145, 'e': 0.43348543083012725, 'f': 3.3722252610579337, 'g': 1.946129572383553, 'h': -3.669518689725336, 'i': 2.1475237053194087, 'j': -2.190854208384918, 'k': 3.618950837172293, 'l': 3.3169907830835514, 'm': -1.0412561301664853, 'n': 2.8109048801373318, 'o': 2.414112014782572, 'p': -1.338088331023855, 'q': -4.568884874453698, 'r': 2.9697581288711623, 's': 1.6500252348854474, 't': 3.3329959672971663}. Best is trial 74 with value: 29.489863628966628.[0m
[32m[I 2022-08-16 14:12:08,019][0m Trial 42 finished with value: 160.5869673811203 and parameters: {'a': -3.005109979221146, 'b': -4.463650465226432, 'c': -1.4071454961230585, 'd': -2.585516670479689, 'e': -1.9196612578104784, 'f': 0.8089621332583627, 'g': 0.18995367774449523, 'h': -2.3649387598353337, 'i': -0.5279798665269446, 'j': 4.292972096377684, 'k': -3.750364610026644, 'l': 3.9438921513612515, 'm': -2.8911556724923186, 'n': -1.810964990414449, 'o': 1.9394897889364833, 'p': 2.9089132782477085, 'q': 0.03439625766533627, 'r': -4.569241394126333, 's': -0.9456438948119557, 't': 4.362975729468684}. Best is trial 74 with value: 29.489863628966628.[0m
[32m[I 2022-08-16 14:12:08,362][0m Trial 96 finished with value: 48.38262435519375 and parameters: {'a': -0.9357016185804926, 'b': 0.16855558384735808, 'c': 0.35481461288215754, 'd': 0.455581490698172, 'e': 1.6752068580412651, 'f': 1.9116686453830776, 'g': 0.944721709981055, 'h': 1.2217263746226044, 'i': 2.268396595201242, 'j': -0.9673873094575912, 'k': -2.5989513260850714, 'l': 0.9008768598779094, 'm': 2.9225078482938516, 'n': -2.221213703468862, 'o': 0.25375142678048274, 'p': 0.27327634124666095, 'q': 1.2171537727707673, 'r': 2.0116647140431363, 's': -0.2723137940037105, 't': 2.3313954681660762}. Best is trial 74 with value: 29.489863628966628.[0m
Minimum objective value: 29.489863628966628
Best parameter: {'a': 3.193496607590811, 'b': -1.464491894985514, 'c': -0.18684658104293916, 'd': 0.9137991532687424, 'e': -0.8967255799595707, 'f': -0.7578281863721743, 'g': 0.8105314700568462, 'h': -1.1483886913965593, 'i': -2.188449598004967, 'j': -1.591135837009128, 'k': -0.11904215301802694, 'l': 0.5744527167650633, 'm': 0.44267781758655467, 'n': -1.6879303927050224, 'o': 0.1285464835909231, 'p': 0.5039354393402427, 'q': 1.1512659312746958, 'r': 0.27486567730604017, 's': 0.29424503110888395, 't': -0.6740205187139031}
[32m[I 2022-08-16 14:12:08,453][0m Trial 5 finished with value: 197.47604799021423 and parameters: {'a': -2.650942746699367, 'b': 4.083889734198604, 'c': -3.615121353477034, 'd': -2.849516181464311, 'e': 3.890856410616153, 'f': -2.287132267944993, 'g': 3.9893664472416637, 'h': -4.956401119292476, 'i': -2.6467240903038816, 'j': 4.0732225013695365, 'k': -1.1054244876282606, 'l': -0.7183984789366136, 'm': 1.839937932058234, 'n': 0.7902072297177849, 'o': -0.789592930153864, 'p': -3.326871598367778, 'q': -4.531417653146422, 'r': 2.8341600381787373, 's': -0.6758761126468906, 't': 4.655336516836768}. Best is trial 74 with value: 29.489863628966628.[0m
[32m[I 2022-08-16 14:12:08,613][0m Trial 52 finished with value: 210.1804812176243 and parameters: {'a': -1.3452092157584152, 'b': 3.6302758814869547, 'c': 4.5133076846432685, 'd': 2.4836204653895697, 'e': -2.600707435552172, 'f': 3.2479487084694023, 'g': 2.297821209217081, 'h': 0.5608118518979772, 'i': 4.700950935895306, 'j': 3.110504293973402, 'k': -2.4196919881534633, 'l': 3.66611118658727, 'm': 3.057149769942325, 'n': -2.5475180161369555, 'o': 3.12464155060771, 'p': -4.437003520762951, 'q': 4.479423273353759, 'r': 4.8519753762148055, 's': 1.2126009665073676, 't': -2.076819024685799}. Best is trial 74 with value: 29.489863628966628.[0m
[32m[I 2022-08-16 14:12:08,672][0m Trial 49 finished with value: 121.41498755377643 and parameters: {'a': -0.3325057505466473, 'b': -1.2184759829667904, 'c': 4.801941736465936, 'd': -1.8829471474646264, 'e': -1.9697860803489915, 'f': -0.1456637737128128, 'g': 3.763086238693073, 'h': -0.9232494670462872, 'i': 2.229143894411396, 'j': 0.3389067789172717, 'k': 3.3797509351342425, 'l': -1.8668619862271978, 'm': -1.8044138471281213, 'n': 2.17406060980822, 'o': -4.864539979919153, 'p': 0.7174708671501255, 'q': -2.9520160859989026, 'r': 2.0170289710315856, 's': -2.005943981927735, 't': 2.3112156125352854}. Best is trial 74 with value: 29.489863628966628.[0m
[32m[I 2022-08-16 14:12:08,707][0m Trial 64 finished with value: 234.04354909489732 and parameters: {'a': 1.141584957797626, 'b': -4.343173847050062, 'c': 3.94035747695312, 'd': -4.648127855097466, 'e': 4.900697218455991, 'f': -2.748190786116829, 'g': -3.3194237401345426, 'h': -1.629751416640222, 'i': 4.626727074076361, 'j': -4.293434958486113, 'k': 4.5512526750941555, 'l': -0.016041729769007418, 'm': 2.6878360669311965, 'n': 1.6744507601446177, 'o': -3.5671669953539444, 'p': 4.135420871354733, 'q': 0.9984540065159218, 'r': -2.247882864746282, 's': -2.8887451474718104, 't': -4.08630625361392}. Best is trial 74 with value: 29.489863628966628.[0m
[32m[I 2022-08-16 14:12:08,891][0m Trial 94 finished with value: 67.42037079808044 and parameters: {'a': -1.3440959228208558, 'b': 0.41186715895906556, 'c': -1.9685354585900647, 'd': 2.0747903071953844, 'e': 2.6334834308935116, 'f': -1.040389721151814, 'g': 2.2351936897013234, 'h': 1.0798302449204653, 'i': -0.4973263563353062, 'j': 0.7005772207851189, 'k': -1.6171588967527581, 'l': 0.3590403963010726, 'm': -1.4126707633316289, 'n': 4.102442620365489, 'o': 1.9989224654476634, 'p': -0.9328971880585473, 'q': 3.1681138992987496, 'r': 0.36775622442766004, 's': 2.212157893577362, 't': -0.919095065088199}. Best is trial 74 with value: 29.489863628966628.[0m
[32m[I 2022-08-16 14:12:08,911][0m Trial 76 finished with value: 59.3963073587077 and parameters: {'a': -1.4448322901871717, 'b': -2.3312272821125632, 'c': 1.5205839429796928, 'd': -0.41357300106093503, 'e': -1.254114847198294, 'f': -1.8964422651451946, 'g': 2.0011978323621618, 'h': 2.7786523740460116, 'i': 0.2460145869821543, 'j': -0.22779559750649273, 'k': 1.3402277183640803, 'l': -0.8129252721454466, 'm': 1.4918223953559762, 'n': -1.385296084965521, 'o': 2.7220120612554206, 'p': -0.9846281816117369, 'q': -2.3782580066523358, 'r': 0.43739329276278704, 's': 3.3689347280068462, 't': -0.45375148979252283}. Best is trial 74 with value: 29.489863628966628.[0m
Minimum objective value: 29.489863628966628
Best parameter: {'a': 3.193496607590811, 'b': -1.464491894985514, 'c': -0.18684658104293916, 'd': 0.9137991532687424, 'e': -0.8967255799595707, 'f': -0.7578281863721743, 'g': 0.8105314700568462, 'h': -1.1483886913965593, 'i': -2.188449598004967, 'j': -1.591135837009128, 'k': -0.11904215301802694, 'l': 0.5744527167650633, 'm': 0.44267781758655467, 'n': -1.6879303927050224, 'o': 0.1285464835909231, 'p': 0.5039354393402427, 'q': 1.1512659312746958, 'r': 0.27486567730604017, 's': 0.29424503110888395, 't': -0.6740205187139031}
Minimum objective value: 29.489863628966628
Best parameter: {'a': 3.193496607590811, 'b': -1.464491894985514, 'c': -0.18684658104293916, 'd': 0.9137991532687424, 'e': -0.8967255799595707, 'f': -0.7578281863721743, 'g': 0.8105314700568462, 'h': -1.1483886913965593, 'i': -2.188449598004967, 'j': -1.591135837009128, 'k': -0.11904215301802694, 'l': 0.5744527167650633, 'm': 0.44267781758655467, 'n': -1.6879303927050224, 'o': 0.1285464835909231, 'p': 0.5039354393402427, 'q': 1.1512659312746958, 'r': 0.27486567730604017, 's': 0.29424503110888395, 't': -0.6740205187139031}
[32m[I 2022-08-16 14:12:09,130][0m Trial 66 finished with value: 193.1329693939904 and parameters: {'a': -3.8747745600259442, 'b': -3.8207442856149445, 'c': -4.28670968433128, 'd': 2.660994702944225, 'e': 0.7964787985942632, 'f': -0.7741545274760746, 'g': 2.9945066684216046, 'h': 4.304456513463687, 'i': 1.7635974677778448, 'j': 4.2414585755938345, 'k': -0.9420689997784484, 'l': 4.614214936825763, 'm': -1.9998167814743182, 'n': 5.0255618926461905, 'o': -2.7671759209751996, 'p': -2.8551310929345166, 'q': -0.05502680479632094, 'r': 3.551613516559871, 's': -2.6529236221218357, 't': 1.1562161780165612}. Best is trial 74 with value: 29.489863628966628.[0m
[32m[I 2022-08-16 14:12:09,165][0m Trial 70 finished with value: 32.00423888537793 and parameters: {'a': -0.7219650215671126, 'b': 1.759705728336951, 'c': -0.46583344471479643, 'd': 1.0940460509183365, 'e': -0.7695324967339132, 'f': 1.1049618614350534, 'g': 0.6716687454501958, 'h': 1.370771214358807, 'i': 0.42289806697766313, 'j': -1.3138269164173813, 'k': -0.461589531114494, 'l': 1.986544776831681, 'm': -1.2110226386522664, 'n': 1.123957712978774, 'o': 1.2377491640371612, 'p': 0.04542000865752596, 'q': -0.8853703724125975, 'r': 1.8744274098577594, 's': -1.1161708264664345, 't': 2.6377418608179104}. Best is trial 74 with value: 29.489863628966628.[0m
Minimum objective value: 29.489863628966628
Best parameter: {'a': 3.193496607590811, 'b': -1.464491894985514, 'c': -0.18684658104293916, 'd': 0.9137991532687424, 'e': -0.8967255799595707, 'f': -0.7578281863721743, 'g': 0.8105314700568462, 'h': -1.1483886913965593, 'i': -2.188449598004967, 'j': -1.591135837009128, 'k': -0.11904215301802694, 'l': 0.5744527167650633, 'm': 0.44267781758655467, 'n': -1.6879303927050224, 'o': 0.1285464835909231, 'p': 0.5039354393402427, 'q': 1.1512659312746958, 'r': 0.27486567730604017, 's': 0.29424503110888395, 't': -0.6740205187139031}
[32m[I 2022-08-16 14:12:09,184][0m Trial 17 finished with value: 199.00069556563236 and parameters: {'a': -3.375604626500077, 'b': -5.106884343651642, 'c': 4.643416968308293, 'd': 2.960158738541181, 'e': 4.024138949358087, 'f': -3.608330180324332, 'g': -0.27741015905617683, 'h': -3.1775824951624143, 'i': -3.6918575029369767, 'j': -4.1723479949259925, 'k': 1.309321952473831, 'l': 0.395317602776589, 'm': -1.2729687908864844, 'n': 1.0834625401476048, 'o': 0.11029717537540407, 'p': 2.873502962390079, 'q': 0.5671307564454393, 'r': 3.2699433188952556, 's': -3.4473542301502684, 't': 4.994325754474816}. Best is trial 74 with value: 29.489863628966628.[0m
[32m[I 2022-08-16 14:12:09,616][0m Trial 106 finished with value: 80.01660976609905 and parameters: {'a': -0.25223237583837804, 'b': -0.05790736937971132, 'c': -0.26057563441314435, 'd': 0.7264402771959436, 'e': 0.23960622666689713, 'f': 0.8057039575596678, 'g': -0.3276454563076779, 'h': 0.2897932739747546, 'i': 3.8079516306352983, 'j': 0.23185179271371453, 'k': -4.762476196702417, 'l': -3.022935579581573, 'm': 2.60460738983182, 'n': 1.5327661649311024, 'o': -1.992194835324694, 'p': 3.9470573494204877, 'q': 0.5482786215711408, 'r': 0.29024893029585397, 's': -1.3106089611879654, 't': -1.1395372252864406}. Best is trial 74 with value: 29.489863628966628.[0m
Minimum objective value: 29.489863628966628
Best parameter: {'a': 3.193496607590811, 'b': -1.464491894985514, 'c': -0.18684658104293916, 'd': 0.9137991532687424, 'e': -0.8967255799595707, 'f': -0.7578281863721743, 'g': 0.8105314700568462, 'h': -1.1483886913965593, 'i': -2.188449598004967, 'j': -1.591135837009128, 'k': -0.11904215301802694, 'l': 0.5744527167650633, 'm': 0.44267781758655467, 'n': -1.6879303927050224, 'o': 0.1285464835909231, 'p': 0.5039354393402427, 'q': 1.1512659312746958, 'r': 0.27486567730604017, 's': 0.29424503110888395, 't': -0.6740205187139031}
[32m[I 2022-08-16 14:12:09,969][0m Trial 84 finished with value: 102.48685566053724 and parameters: {'a': 2.6318890970260598, 'b': 3.349561291292351, 'c': -0.9887964958677278, 'd': -4.120893830518492, 'e': -2.630238625677299, 'f': -0.42197129053715715, 'g': -0.042981317848109886, 'h': -1.5385752003502504, 'i': -3.5698555115738473, 'j': 3.9045592735849213, 'k': 1.8290765592857876, 'l': -2.759240252123503, 'm': -2.6264112240630206, 'n': 0.2993086741205539, 'o': 0.759400971287532, 'p': 3.016300320195559, 'q': -0.5524706512873476, 'r': 0.17633343251695582, 's': 0.1226290634112506, 't': -0.9765144742919526}. Best is trial 74 with value: 29.489863628966628.[0m
Minimum objective value: 29.489863628966628
Best parameter: {'a': 3.193496607590811, 'b': -1.464491894985514, 'c': -0.18684658104293916, 'd': 0.9137991532687424, 'e': -0.8967255799595707, 'f': -0.7578281863721743, 'g': 0.8105314700568462, 'h': -1.1483886913965593, 'i': -2.188449598004967, 'j': -1.591135837009128, 'k': -0.11904215301802694, 'l': 0.5744527167650633, 'm': 0.44267781758655467, 'n': -1.6879303927050224, 'o': 0.1285464835909231, 'p': 0.5039354393402427, 'q': 1.1512659312746958, 'r': 0.27486567730604017, 's': 0.29424503110888395, 't': -0.6740205187139031}
[32m[I 2022-08-16 14:12:10,073][0m Trial 23 finished with value: 166.85981869711932 and parameters: {'a': 1.4202104917174587, 'b': -4.902075256106794, 'c': -1.4275154277493813, 'd': -4.976265666764578, 'e': 0.1319611008065511, 'f': 1.6100765656201848, 'g': 3.1080729377608742, 'h': 0.7402309266542906, 'i': 0.04267756635960751, 'j': -2.661433110446177, 'k': -4.775928503286487, 'l': 0.8086572897836284, 'm': -3.9115523132942283, 'n': -2.0258658213872, 'o': 2.256612141024939, 'p': -2.165056889204467, 'q': 4.960050571623499, 'r': -3.0163817388148666, 's': -0.4390525327051753, 't': 2.7509272803062688}. Best is trial 74 with value: 29.489863628966628.[0m
[32m[I 2022-08-16 14:12:10,239][0m Trial 10 finished with value: 188.57887666942773 and parameters: {'a': -2.6268019057741356, 'b': 4.430072889956922, 'c': 1.3574991219770256, 'd': 1.2503207517037378, 'e': 0.1974510635805231, 'f': 4.262376426208141, 'g': -3.733774836353712, 'h': 2.088174083403466, 'i': -1.337658602272934, 'j': 2.7252863603829223, 'k': 2.579129840204555, 'l': 2.411694050848282, 'm': -5.003867959967515, 'n': -2.8908072763578923, 'o': -2.554834120696993, 'p': -3.1230799332162738, 'q': 3.6001479031330517, 'r': 3.4228468148502325, 's': 4.90165397254309, 't': 1.4403584498602156}. Best is trial 74 with value: 29.489863628966628.[0m
[32m[I 2022-08-16 14:12:10,479][0m Trial 117 finished with value: 62.98169688143596 and parameters: {'a': -1.6878599983450953, 'b': 0.5025017171598058, 'c': -2.5720260729579842, 'd': -1.0707726701212585, 'e': 2.818720804622509, 'f': 0.22047565108081207, 'g': -0.9314252976485464, 'h': -3.2084796579497286, 'i': 1.884552868246848, 'j': -1.7755258078260077, 'k': -0.624156149598052, 'l': 2.315073469533417, 'm': -2.5180132833664612, 'n': -1.475124794122076, 'o': 0.5146471322894495, 'p': -2.571844651901712, 'q': 0.12983587569540642, 'r': -1.8327465634131956, 's': -0.8934420869001977, 't': 0.9694843043192581}. Best is trial 74 with value: 29.489863628966628.[0m
Minimum objective value: 29.489863628966628
Best parameter: {'a': 3.193496607590811, 'b': -1.464491894985514, 'c': -0.18684658104293916, 'd': 0.9137991532687424, 'e': -0.8967255799595707, 'f': -0.7578281863721743, 'g': 0.8105314700568462, 'h': -1.1483886913965593, 'i': -2.188449598004967, 'j': -1.591135837009128, 'k': -0.11904215301802694, 'l': 0.5744527167650633, 'm': 0.44267781758655467, 'n': -1.6879303927050224, 'o': 0.1285464835909231, 'p': 0.5039354393402427, 'q': 1.1512659312746958, 'r': 0.27486567730604017, 's': 0.29424503110888395, 't': -0.6740205187139031}
[32m[I 2022-08-16 14:12:10,737][0m Trial 90 finished with value: 35.63034902068736 and parameters: {'a': 0.23650064727129208, 'b': -0.9004438771992609, 'c': 2.563547710697481, 'd': -0.6499023065246431, 'e': 1.25116472174854, 'f': 1.3336801956075548, 'g': -1.3892786286900902, 'h': -0.6428501334355472, 'i': 1.2946360907910568, 'j': -1.4531631464145993, 'k': 1.9926965409050226, 'l': 1.0437160161984393, 'm': 1.2375930904757202, 'n': -0.9367265065140526, 'o': 2.1252371570065915, 'p': -1.5574565057554097, 'q': 1.644282538451016, 'r': -0.040594675505952874, 's': -0.6875879203741206, 't': 0.8393834256744459}. Best is trial 74 with value: 29.489863628966628.[0m
Minimum objective value: 29.489863628966628
Best parameter: {'a': 3.193496607590811, 'b': -1.464491894985514, 'c': -0.18684658104293916, 'd': 0.9137991532687424, 'e': -0.8967255799595707, 'f': -0.7578281863721743, 'g': 0.8105314700568462, 'h': -1.1483886913965593, 'i': -2.188449598004967, 'j': -1.591135837009128, 'k': -0.11904215301802694, 'l': 0.5744527167650633, 'm': 0.44267781758655467, 'n': -1.6879303927050224, 'o': 0.1285464835909231, 'p': 0.5039354393402427, 'q': 1.1512659312746958, 'r': 0.27486567730604017, 's': 0.29424503110888395, 't': -0.6740205187139031}
[32m[I 2022-08-16 14:12:11,227][0m Trial 22 finished with value: 162.25654393537414 and parameters: {'a': -2.4843929366693023, 'b': 2.0680505184177456, 'c': 3.8270952143469144, 'd': -2.7558069087803383, 'e': -4.43927329389555, 'f': -1.1084897335263273, 'g': 0.9473089756593538, 'h': 1.389816054719632, 'i': -4.358775680098996, 'j': 3.2858693200609883, 'k': -2.7357224639989464, 'l': -2.727144842066226, 'm': -1.9819822159843739, 'n': -1.705835453008301, 'o': 2.4139487870721634, 'p': -4.457846690585523, 'q': 4.547859908041825, 'r': 0.9047417166084042, 's': 0.8010464081219242, 't': 2.530454063026763}. Best is trial 74 with value: 29.489863628966628.[0m
[32m[I 2022-08-16 14:12:11,861][0m Trial 13 finished with value: 175.6079673545924 and parameters: {'a': 0.3476306429019296, 'b': 2.879975863300631, 'c': 4.579642439713958, 'd': -0.3309691048415404, 'e': -4.354692720421589, 'f': -1.356242509364039, 'g': -1.6315156622022107, 'h': 2.1257507219796183, 'i': -0.1577101727950465, 'j': -4.0273571333683265, 'k': 2.2273238521504535, 'l': 2.8598638650374832, 'm': 4.159209126449093, 'n': 0.822646344388974, 'o': -1.1921702140463073, 'p': -4.102848550948692, 'q': 4.653953606552032, 'r': 4.955857225867528, 's': 1.9576762216165786, 't': -1.5683801529785057}. Best is trial 74 with value: 29.489863628966628.[0m
[32m[I 2022-08-16 14:12:11,897][0m Trial 40 finished with value: 195.55251477937114 and parameters: {'a': 4.953774979146236, 'b': -1.341711070160776, 'c': 3.424938766264611, 'd': 0.7513313307272567, 'e': 4.81038672002443, 'f': 2.3366036729841833, 'g': -3.935193439751994, 'h': -3.9178390345494156, 'i': -4.021268513271159, 'j': 0.13846989098239781, 'k': 4.134771078899694, 'l': -0.5215733182046112, 'm': -3.9480272725948318, 'n': -2.9900136287663734, 'o': -2.671605729202072, 'p': 1.6556769497758435, 'q': -1.4937543906246877, 'r': -4.298446701242049, 's': -2.8656211238659135, 't': -0.7741242101938157}. Best is trial 74 with value: 29.489863628966628.[0m
[32m[I 2022-08-16 14:12:12,291][0m Trial 61 finished with value: 178.36862426375262 and parameters: {'a': 2.531292618178295, 'b': -1.9508863984950562, 'c': 3.6016556875862937, 'd': -2.2354346189557237, 'e': -2.298306115650856, 'f': -2.61326523261362, 'g': -4.537463290321342, 'h': -2.8999438502897195, 'i': 3.631134617177479, 'j': 2.820260695293304, 'k': 0.1676917083776166, 'l': -0.585683608437555, 'm': -4.323998851012809, 'n': -0.6669866446072117, 'o': 0.293879167077824, 'p': 4.883516997384983, 'q': 4.463711262546455, 'r': 2.7422220424883657, 's': -3.388481438033482, 't': 2.358626138432646}. Best is trial 74 with value: 29.489863628966628.[0m
