[33m[W 2022-08-16 14:11:50,493][0m The parameter 'j' in trial#67 is sampled independently by using `RandomSampler` instead of `CmaEsSampler` (optimization performance may be degraded). `CmaEsSampler` does not support dynamic search space or `CategoricalDistribution`. You can suppress this warning by setting `warn_independent_sampling` to `False` in the constructor of `CmaEsSampler`, if this independent sampling is intended behavior.[0m
[32m[I 2022-08-16 14:11:50,518][0m Trial 31 finished with value: 140.97018785890342 and parameters: {'a': -1.7313280513366194, 'b': -3.3420209521253854, 'c': 1.4217824685007283, 'd': -2.377205339177899, 'e': 0.9397672846309897, 'f': 3.5675022538529317, 'g': -3.99279100258501, 'h': 3.3896479140713867, 'i': -3.535324185382227, 'j': -4.036971302661035, 'k': 1.6239843982728432, 'l': -1.2228444533309526, 'm': 0.6423593669115073, 'n': 0.21756018663127552, 'o': -3.432976568679127, 'p': 2.2912959257548975, 'q': 1.5931672323199146, 'r': 1.6450004872958246, 's': 3.624227688565548, 't': -3.0472614505444073}. Best is trial 31 with value: 122.13482755983415.[0m
[33m[W 2022-08-16 14:11:50,521][0m The parameter 'q' in trial#61 is sampled independently by using `RandomSampler` instead of `CmaEsSampler` (optimization performance may be degraded). `CmaEsSampler` does not support dynamic search space or `CategoricalDistribution`. You can suppress this warning by setting `warn_independent_sampling` to `False` in the constructor of `CmaEsSampler`, if this independent sampling is intended behavior.[0m
[33m[W 2022-08-16 14:11:50,528][0m The parameter 'q' in trial#0 is sampled independently by using `RandomSampler` instead of `CmaEsSampler` (optimization performance may be degraded). `CmaEsSampler` does not support dynamic search space or `CategoricalDistribution`. You can suppress this warning by setting `warn_independent_sampling` to `False` in the constructor of `CmaEsSampler`, if this independent sampling is intended behavior.[0m
[33m[W 2022-08-16 14:11:50,543][0m The parameter 'n' in trial#35 is sampled independently by using `RandomSampler` instead of `CmaEsSampler` (optimization performance may be degraded). `CmaEsSampler` does not support dynamic search space or `CategoricalDistribution`. You can suppress this warning by setting `warn_independent_sampling` to `False` in the constructor of `CmaEsSampler`, if this independent sampling is intended behavior.[0m
[33m[W 2022-08-16 14:11:50,549][0m The parameter 'k' in trial#67 is sampled independently by using `RandomSampler` instead of `CmaEsSampler` (optimization performance may be degraded). `CmaEsSampler` does not support dynamic search space or `CategoricalDistribution`. You can suppress this warning by setting `warn_independent_sampling` to `False` in the constructor of `CmaEsSampler`, if this independent sampling is intended behavior.[0m
[33m[W 2022-08-16 14:11:50,550][0m The parameter 'i' in trial#53 is sampled independently by using `RandomSampler` instead of `CmaEsSampler` (optimization performance may be degraded). `CmaEsSampler` does not support dynamic search space or `CategoricalDistribution`. You can suppress this warning by setting `warn_independent_sampling` to `False` in the constructor of `CmaEsSampler`, if this independent sampling is intended behavior.[0m
[33m[W 2022-08-16 14:11:50,565][0m The parameter 'r' in trial#39 is sampled independently by using `RandomSampler` instead of `CmaEsSampler` (optimization performance may be degraded). `CmaEsSampler` does not support dynamic search space or `CategoricalDistribution`. You can suppress this warning by setting `warn_independent_sampling` to `False` in the constructor of `CmaEsSampler`, if this independent sampling is intended behavior.[0m
[33m[W 2022-08-16 14:11:50,566][0m The parameter 'r' in trial#61 is sampled independently by using `RandomSampler` instead of `CmaEsSampler` (optimization performance may be degraded). `CmaEsSampler` does not support dynamic search space or `CategoricalDistribution`. You can suppress this warning by setting `warn_independent_sampling` to `False` in the constructor of `CmaEsSampler`, if this independent sampling is intended behavior.[0m
[33m[W 2022-08-16 14:11:50,569][0m The parameter 'g' in trial#12 is sampled independently by using `RandomSampler` instead of `CmaEsSampler` (optimization performance may be degraded). `CmaEsSampler` does not support dynamic search space or `CategoricalDistribution`. You can suppress this warning by setting `warn_independent_sampling` to `False` in the constructor of `CmaEsSampler`, if this independent sampling is intended behavior.[0m
[33m[W 2022-08-16 14:11:50,581][0m The parameter 'r' in trial#0 is sampled independently by using `RandomSampler` instead of `CmaEsSampler` (optimization performance may be degraded). `CmaEsSampler` does not support dynamic search space or `CategoricalDistribution`. You can suppress this warning by setting `warn_independent_sampling` to `False` in the constructor of `CmaEsSampler`, if this independent sampling is intended behavior.[0m
