[32m[I 2022-08-16 14:12:27,371][0m Trial 85 finished with value: 43.24267654649144 and parameters: {'a': 2.2298311961446866, 'b': 0.6839284171031996, 'c': 0.6668574208750042, 'd': 0.759772227678615, 'e': 1.567109993529893, 'f': -1.9107760918398777, 'g': 2.1227060378981224, 'h': -0.7540603312615928, 'i': -1.646905715235217, 'j': 0.6934088722444371, 'k': -0.7820262049181395, 'l': 2.025603114704657, 'm': -1.8683903404541529, 'n': -1.4593071754846578, 'o': 0.08993235217727291, 'p': 0.0551829866635105, 'q': -0.45315375965937255, 'r': 0.700445107950386, 's': 2.6889170150963007, 't': -2.0331859708037037}. Best is trial 127 with value: 29.185645535984374.[0m
Minimum objective value: 29.185645535984374
Best parameter: {'a': 0.32163582149526593, 'b': -1.4766657257044207, 'c': -0.6332990679413204, 'd': -1.2374396208293197, 'e': 1.1734586634510689, 'f': -0.4059724991286807, 'g': -0.6140777149168748, 'h': -0.6548852904632678, 'i': -0.887796229896664, 'j': 1.4407724693954658, 'k': -0.3475451163987159, 'l': 1.8672788232662334, 'm': -2.2292080405857524, 'n': 0.4840689681157848, 'o': 0.6931448107810555, 'p': -0.8731250815859333, 'q': -0.7939997965568013, 'r': -0.1416007763732955, 's': -1.4272202019853175, 't': 2.6487897305911887}
Minimum objective value: 29.185645535984374
Best parameter: {'a': 0.32163582149526593, 'b': -1.4766657257044207, 'c': -0.6332990679413204, 'd': -1.2374396208293197, 'e': 1.1734586634510689, 'f': -0.4059724991286807, 'g': -0.6140777149168748, 'h': -0.6548852904632678, 'i': -0.887796229896664, 'j': 1.4407724693954658, 'k': -0.3475451163987159, 'l': 1.8672788232662334, 'm': -2.2292080405857524, 'n': 0.4840689681157848, 'o': 0.6931448107810555, 'p': -0.8731250815859333, 'q': -0.7939997965568013, 'r': -0.1416007763732955, 's': -1.4272202019853175, 't': 2.6487897305911887}
[32m[I 2022-08-16 14:12:27,464][0m Trial 112 finished with value: 45.48086392576788 and parameters: {'a': 1.4198505227208726, 'b': 1.753996724793501, 'c': -1.8689313408793249, 'd': -2.2282173752181453, 'e': 2.4601315522027933, 'f': -0.5928345941369282, 'g': -0.31555767558795444, 'h': -0.2214374821295718, 'i': 2.499225863837593, 'j': 1.4197658102759088, 'k': -1.7125979794848405, 'l': -1.7068014924548671, 'm': -0.5248476088363492, 'n': 1.0570757097448418, 'o': 0.8130103083238378, 'p': 1.6156578580316057, 'q': -0.40625086202866406, 'r': 1.4473709233731105, 's': 0.5577051176977906, 't': -2.0087359261715196}. Best is trial 127 with value: 29.185645535984374.[0m
Minimum objective value: 29.185645535984374
Best parameter: {'a': 0.32163582149526593, 'b': -1.4766657257044207, 'c': -0.6332990679413204, 'd': -1.2374396208293197, 'e': 1.1734586634510689, 'f': -0.4059724991286807, 'g': -0.6140777149168748, 'h': -0.6548852904632678, 'i': -0.887796229896664, 'j': 1.4407724693954658, 'k': -0.3475451163987159, 'l': 1.8672788232662334, 'm': -2.2292080405857524, 'n': 0.4840689681157848, 'o': 0.6931448107810555, 'p': -0.8731250815859333, 'q': -0.7939997965568013, 'r': -0.1416007763732955, 's': -1.4272202019853175, 't': 2.6487897305911887}
[32m[I 2022-08-16 14:12:28,222][0m Trial 86 finished with value: 62.61944123771503 and parameters: {'a': 0.2329137473559306, 'b': 0.7056026546847056, 'c': -0.11292341607573245, 'd': -3.073587402870239, 'e': 2.144586396658244, 'f': 1.372636946979935, 'g': 1.7890749544810627, 'h': -1.9221241963106133, 'i': 0.4387772477371252, 'j': 0.4423345344232878, 'k': 2.7207598884071613, 'l': 1.2576502369669327, 'm': 1.4226535325334735, 'n': -1.7858502998380243, 'o': 0.3709653610616236, 'p': -1.8458376966318157, 'q': 4.065371507132023, 'r': -1.8130642586905674, 's': -0.5116346091222009, 't': 1.0111056995859367}. Best is trial 127 with value: 29.185645535984374.[0m
Minimum objective value: 29.185645535984374
Best parameter: {'a': 0.32163582149526593, 'b': -1.4766657257044207, 'c': -0.6332990679413204, 'd': -1.2374396208293197, 'e': 1.1734586634510689, 'f': -0.4059724991286807, 'g': -0.6140777149168748, 'h': -0.6548852904632678, 'i': -0.887796229896664, 'j': 1.4407724693954658, 'k': -0.3475451163987159, 'l': 1.8672788232662334, 'm': -2.2292080405857524, 'n': 0.4840689681157848, 'o': 0.6931448107810555, 'p': -0.8731250815859333, 'q': -0.7939997965568013, 'r': -0.1416007763732955, 's': -1.4272202019853175, 't': 2.6487897305911887}
[32m[I 2022-08-16 14:12:28,418][0m Trial 104 finished with value: 58.020642932003305 and parameters: {'a': -0.6647542487372932, 'b': -0.7954735091580921, 'c': 1.4604643965157682, 'd': -3.2164010377015515, 'e': -3.454245817434166, 'f': -2.325510585114029, 'g': -0.4552994538295218, 'h': 2.4184726035121558, 'i': -0.930760204508606, 'j': 1.6613752741730687, 'k': 0.26036965336923706, 'l': 1.5395663452184578, 'm': -0.8153949365455877, 'n': 1.1110671447051146, 'o': -1.8035897836392403, 'p': 1.1831641039203202, 'q': 1.2089920133025622, 'r': 2.4599303644586428, 's': 0.857152327745139, 't': 0.4553381150240169}. Best is trial 127 with value: 29.185645535984374.[0m
Minimum objective value: 29.185645535984374
Best parameter: {'a': 0.32163582149526593, 'b': -1.4766657257044207, 'c': -0.6332990679413204, 'd': -1.2374396208293197, 'e': 1.1734586634510689, 'f': -0.4059724991286807, 'g': -0.6140777149168748, 'h': -0.6548852904632678, 'i': -0.887796229896664, 'j': 1.4407724693954658, 'k': -0.3475451163987159, 'l': 1.8672788232662334, 'm': -2.2292080405857524, 'n': 0.4840689681157848, 'o': 0.6931448107810555, 'p': -0.8731250815859333, 'q': -0.7939997965568013, 'r': -0.1416007763732955, 's': -1.4272202019853175, 't': 2.6487897305911887}
[32m[I 2022-08-16 14:12:28,860][0m Trial 98 finished with value: 50.518822640705395 and parameters: {'a': -2.081271312370314, 'b': 1.1907723235599963, 'c': 3.6213311912107846, 'd': -2.3611079494095755, 'e': -1.0833888394423137, 'f': -1.2716262487947625, 'g': 0.47629665893888534, 'h': 1.3123440884368505, 'i': 1.670966983533008, 'j': -2.027278001045092, 'k': -0.15937680351043582, 'l': 0.732054937944234, 'm': -0.5771661562701006, 'n': -1.0825842034987672, 'o': 0.672182774343089, 'p': 3.0762479406226158, 'q': -0.9475479007981771, 'r': -0.5174449180543548, 's': -1.1298779513384352, 't': 0.12124387744903012}. Best is trial 127 with value: 29.185645535984374.[0m
Minimum objective value: 29.185645535984374
Best parameter: {'a': 0.32163582149526593, 'b': -1.4766657257044207, 'c': -0.6332990679413204, 'd': -1.2374396208293197, 'e': 1.1734586634510689, 'f': -0.4059724991286807, 'g': -0.6140777149168748, 'h': -0.6548852904632678, 'i': -0.887796229896664, 'j': 1.4407724693954658, 'k': -0.3475451163987159, 'l': 1.8672788232662334, 'm': -2.2292080405857524, 'n': 0.4840689681157848, 'o': 0.6931448107810555, 'p': -0.8731250815859333, 'q': -0.7939997965568013, 'r': -0.1416007763732955, 's': -1.4272202019853175, 't': 2.6487897305911887}
[32m[I 2022-08-16 14:12:29,024][0m Trial 136 finished with value: 69.5646179392513 and parameters: {'a': 2.959322614993665, 'b': -0.7233816596425131, 'c': 0.8772011489858165, 'd': -0.717563336983672, 'e': -1.98431501215906, 'f': 0.49921459732315177, 'g': 4.557098864390889, 'h': 0.5310634216906154, 'i': -1.1158820034099866, 'j': -0.4098710809006666, 'k': -1.097970335277147, 'l': 0.06808031829685987, 'm': -1.2606603073215592, 'n': -2.0867415851536406, 'o': 3.4300005135059957, 'p': 1.2775510298049924, 'q': 1.1965045877395712, 'r': 2.5000574461873732, 's': -1.0099822383588635, 't': -1.7599254377507854}. Best is trial 127 with value: 29.185645535984374.[0m
Minimum objective value: 29.185645535984374
Best parameter: {'a': 0.32163582149526593, 'b': -1.4766657257044207, 'c': -0.6332990679413204, 'd': -1.2374396208293197, 'e': 1.1734586634510689, 'f': -0.4059724991286807, 'g': -0.6140777149168748, 'h': -0.6548852904632678, 'i': -0.887796229896664, 'j': 1.4407724693954658, 'k': -0.3475451163987159, 'l': 1.8672788232662334, 'm': -2.2292080405857524, 'n': 0.4840689681157848, 'o': 0.6931448107810555, 'p': -0.8731250815859333, 'q': -0.7939997965568013, 'r': -0.1416007763732955, 's': -1.4272202019853175, 't': 2.6487897305911887}
[32m[I 2022-08-16 14:12:29,436][0m Trial 101 finished with value: 48.96960031239122 and parameters: {'a': 0.6935976186464045, 'b': 0.7882779025587288, 'c': 1.881768593668472, 'd': 0.10230556137034036, 'e': -1.996575893822338, 'f': -0.9031268236715049, 'g': 0.6462980190490525, 'h': -1.641610593013566, 'i': 0.039753276500381705, 'j': -2.337972547881042, 'k': 1.2417729387746947, 'l': 1.2708749035666913, 'm': -1.480898500244054, 'n': 1.9298835455435595, 'o': 3.929094401183173, 'p': -1.0747384716952153, 'q': -0.6601698785159897, 'r': -0.22603719466527808, 's': -2.0448473601155186, 't': 0.773038179638225}. Best is trial 127 with value: 29.185645535984374.[0m
Minimum objective value: 29.185645535984374
Best parameter: {'a': 0.32163582149526593, 'b': -1.4766657257044207, 'c': -0.6332990679413204, 'd': -1.2374396208293197, 'e': 1.1734586634510689, 'f': -0.4059724991286807, 'g': -0.6140777149168748, 'h': -0.6548852904632678, 'i': -0.887796229896664, 'j': 1.4407724693954658, 'k': -0.3475451163987159, 'l': 1.8672788232662334, 'm': -2.2292080405857524, 'n': 0.4840689681157848, 'o': 0.6931448107810555, 'p': -0.8731250815859333, 'q': -0.7939997965568013, 'r': -0.1416007763732955, 's': -1.4272202019853175, 't': 2.6487897305911887}
[32m[I 2022-08-16 14:12:30,208][0m Trial 105 finished with value: 57.0274117612649 and parameters: {'a': -2.248456268625876, 'b': 0.019316718684302642, 'c': -2.547751204897702, 'd': -0.38971827768319794, 'e': -1.6881821169682454, 'f': -0.5617741041488354, 'g': -2.6877534430326735, 'h': 2.8254945017445747, 'i': 0.07040890703175068, 'j': -0.7162334867717917, 'k': -2.6934255705065615, 'l': 1.0035094269494713, 'm': -0.07960668719181647, 'n': -3.1026152835371437, 'o': -0.10527149866493427, 'p': 0.7523550832137736, 'q': -2.585650670642554, 'r': -0.6934482260455873, 's': 0.05015346465826542, 't': 0.8929754539006015}. Best is trial 127 with value: 29.185645535984374.[0m
Minimum objective value: 29.185645535984374
Best parameter: {'a': 0.32163582149526593, 'b': -1.4766657257044207, 'c': -0.6332990679413204, 'd': -1.2374396208293197, 'e': 1.1734586634510689, 'f': -0.4059724991286807, 'g': -0.6140777149168748, 'h': -0.6548852904632678, 'i': -0.887796229896664, 'j': 1.4407724693954658, 'k': -0.3475451163987159, 'l': 1.8672788232662334, 'm': -2.2292080405857524, 'n': 0.4840689681157848, 'o': 0.6931448107810555, 'p': -0.8731250815859333, 'q': -0.7939997965568013, 'r': -0.1416007763732955, 's': -1.4272202019853175, 't': 2.6487897305911887}
[32m[I 2022-08-16 14:12:31,231][0m Trial 120 finished with value: 49.04794186963778 and parameters: {'a': -0.42744588412727136, 'b': 0.28086448983979534, 'c': -0.9860484709835999, 'd': -0.16326019092808475, 'e': 1.3558067363008095, 'f': 0.17416303993039173, 'g': 1.5265121959179009, 'h': 0.006931870852699526, 'i': -0.22086699230346687, 'j': -2.0151725471331856, 'k': -2.4336989903267763, 'l': 0.6155146814168586, 'm': 0.23438692406674086, 'n': -1.37357368824094, 'o': -0.5278964056662006, 'p': 4.9734524604348636, 'q': -0.9202207809800669, 'r': -1.6620881709592286, 's': -1.6162375881479871, 't': 0.002099056927889133}. Best is trial 127 with value: 29.185645535984374.[0m
Minimum objective value: 29.185645535984374
Best parameter: {'a': 0.32163582149526593, 'b': -1.4766657257044207, 'c': -0.6332990679413204, 'd': -1.2374396208293197, 'e': 1.1734586634510689, 'f': -0.4059724991286807, 'g': -0.6140777149168748, 'h': -0.6548852904632678, 'i': -0.887796229896664, 'j': 1.4407724693954658, 'k': -0.3475451163987159, 'l': 1.8672788232662334, 'm': -2.2292080405857524, 'n': 0.4840689681157848, 'o': 0.6931448107810555, 'p': -0.8731250815859333, 'q': -0.7939997965568013, 'r': -0.1416007763732955, 's': -1.4272202019853175, 't': 2.6487897305911887}
[32m[I 2022-08-16 14:12:32,195][0m Trial 115 finished with value: 76.26535280494147 and parameters: {'a': -0.6063591147102959, 'b': -0.07209007925855891, 'c': 2.813474651410496, 'd': 0.3014967459043159, 'e': 1.6781921457126123, 'f': -3.123859999526742, 'g': -1.4097424897243649, 'h': -2.0838172311790752, 'i': 1.6477770648040255, 'j': 0.9594642333310165, 'k': 0.9296075966390605, 'l': 1.4089335488001855, 'm': 3.3874669130168025, 'n': 2.312159658841101, 'o': -2.2739550720659536, 'p': 3.0945855788205283, 'q': 0.6184300831673238, 'r': 1.307311381907528, 's': -2.932755282261906, 't': 0.48530714170879}. Best is trial 127 with value: 29.185645535984374.[0m
Minimum objective value: 29.185645535984374
Best parameter: {'a': 0.32163582149526593, 'b': -1.4766657257044207, 'c': -0.6332990679413204, 'd': -1.2374396208293197, 'e': 1.1734586634510689, 'f': -0.4059724991286807, 'g': -0.6140777149168748, 'h': -0.6548852904632678, 'i': -0.887796229896664, 'j': 1.4407724693954658, 'k': -0.3475451163987159, 'l': 1.8672788232662334, 'm': -2.2292080405857524, 'n': 0.4840689681157848, 'o': 0.6931448107810555, 'p': -0.8731250815859333, 'q': -0.7939997965568013, 'r': -0.1416007763732955, 's': -1.4272202019853175, 't': 2.6487897305911887}
[32m[I 2022-08-16 14:12:33,327][0m Trial 130 finished with value: 47.73562967564358 and parameters: {'a': 1.1688711457257916, 'b': 1.9756075147043066, 'c': -0.5657213161221062, 'd': -0.17734543867657793, 'e': 0.7792373222409696, 'f': -3.00558684297936, 'g': -0.11527834207188509, 'h': -0.11192092925787772, 'i': -0.5643426311928452, 'j': -1.1970797514467855, 'k': -0.21321615867080262, 'l': -2.812374562607681, 'm': -0.5163150656699551, 'n': 2.2259140635187014, 'o': -1.2897545219778292, 'p': 1.0574888565072813, 'q': -0.11734844778801773, 'r': 1.3942096285234553, 's': 1.3724649439071355, 't': 3.30115204140437}. Best is trial 127 with value: 29.185645535984374.[0m
Minimum objective value: 29.185645535984374
Best parameter: {'a': 0.32163582149526593, 'b': -1.4766657257044207, 'c': -0.6332990679413204, 'd': -1.2374396208293197, 'e': 1.1734586634510689, 'f': -0.4059724991286807, 'g': -0.6140777149168748, 'h': -0.6548852904632678, 'i': -0.887796229896664, 'j': 1.4407724693954658, 'k': -0.3475451163987159, 'l': 1.8672788232662334, 'm': -2.2292080405857524, 'n': 0.4840689681157848, 'o': 0.6931448107810555, 'p': -0.8731250815859333, 'q': -0.7939997965568013, 'r': -0.1416007763732955, 's': -1.4272202019853175, 't': 2.6487897305911887}
[32m[I 2022-08-16 14:12:33,712][0m Trial 114 finished with value: 81.01690635370488 and parameters: {'a': 2.217293433739014, 'b': 0.37773456012589135, 'c': 2.451375134639272, 'd': 3.482563155224406, 'e': 1.7460656488785102, 'f': 3.048651229553976, 'g': 1.1903572670619125, 'h': 0.47514080205176934, 'i': -1.6335125281817935, 'j': 1.4872818203833769, 'k': -1.9341827073546936, 'l': -0.6961097762789732, 'm': -1.944407847464335, 'n': 0.7256853525068017, 'o': -2.5026054797165265, 'p': -0.7502665201626325, 'q': -0.814630890604058, 'r': 0.6070410603306086, 's': 1.8423913121255886, 't': 4.378220259371452}. Best is trial 127 with value: 29.185645535984374.[0m
Minimum objective value: 29.185645535984374
Best parameter: {'a': 0.32163582149526593, 'b': -1.4766657257044207, 'c': -0.6332990679413204, 'd': -1.2374396208293197, 'e': 1.1734586634510689, 'f': -0.4059724991286807, 'g': -0.6140777149168748, 'h': -0.6548852904632678, 'i': -0.887796229896664, 'j': 1.4407724693954658, 'k': -0.3475451163987159, 'l': 1.8672788232662334, 'm': -2.2292080405857524, 'n': 0.4840689681157848, 'o': 0.6931448107810555, 'p': -0.8731250815859333, 'q': -0.7939997965568013, 'r': -0.1416007763732955, 's': -1.4272202019853175, 't': 2.6487897305911887}
[32m[I 2022-08-16 14:12:35,778][0m Trial 111 finished with value: 71.16357770015725 and parameters: {'a': 2.035200113225532, 'b': -0.7944935081312505, 'c': -0.648219379118345, 'd': 1.6592708843015216, 'e': -0.715304926801938, 'f': 2.4537148271028384, 'g': -0.8999451015343056, 'h': -1.7302502693020412, 'i': -2.1119144164939865, 'j': -1.0512479091054932, 'k': 2.072806481382425, 'l': -0.62118506749994, 'm': -0.6620180169397849, 'n': 0.43991180998175855, 'o': -2.5788655569023278, 'p': 1.0769960118494686, 'q': 0.23982609858217763, 'r': 3.404041407754684, 's': -4.578313623453709, 't': -1.258957772475663}. Best is trial 127 with value: 29.185645535984374.[0m
Minimum objective value: 29.185645535984374
Best parameter: {'a': 0.32163582149526593, 'b': -1.4766657257044207, 'c': -0.6332990679413204, 'd': -1.2374396208293197, 'e': 1.1734586634510689, 'f': -0.4059724991286807, 'g': -0.6140777149168748, 'h': -0.6548852904632678, 'i': -0.887796229896664, 'j': 1.4407724693954658, 'k': -0.3475451163987159, 'l': 1.8672788232662334, 'm': -2.2292080405857524, 'n': 0.4840689681157848, 'o': 0.6931448107810555, 'p': -0.8731250815859333, 'q': -0.7939997965568013, 'r': -0.1416007763732955, 's': -1.4272202019853175, 't': 2.6487897305911887}
[32m[I 2022-08-16 14:12:36,246][0m Trial 135 finished with value: 90.08765569346727 and parameters: {'a': 2.4509395150926254, 'b': 1.0452725644271172, 'c': 1.102918816555286, 'd': -2.487292955921582, 'e': 1.3059346689608122, 'f': 0.8206163785898121, 'g': -0.5668900785847759, 'h': 2.7870456551540794, 'i': -3.7915831989284405, 'j': 0.5474667785167491, 'k': -1.949784898435691, 'l': -3.1203635316203244, 'm': -2.0015993241828784, 'n': -2.1222946443536177, 'o': 0.15164663363056008, 'p': -1.0215796376102466, 'q': 3.3382721536246227, 'r': 3.419790594555847, 's': -1.1867141394390162, 't': -1.7545392257660883}. Best is trial 127 with value: 29.185645535984374.[0m
Minimum objective value: 29.185645535984374
Best parameter: {'a': 0.32163582149526593, 'b': -1.4766657257044207, 'c': -0.6332990679413204, 'd': -1.2374396208293197, 'e': 1.1734586634510689, 'f': -0.4059724991286807, 'g': -0.6140777149168748, 'h': -0.6548852904632678, 'i': -0.887796229896664, 'j': 1.4407724693954658, 'k': -0.3475451163987159, 'l': 1.8672788232662334, 'm': -2.2292080405857524, 'n': 0.4840689681157848, 'o': 0.6931448107810555, 'p': -0.8731250815859333, 'q': -0.7939997965568013, 'r': -0.1416007763732955, 's': -1.4272202019853175, 't': 2.6487897305911887}
[32m[I 2022-08-16 14:12:36,752][0m Trial 116 finished with value: 60.3098047210384 and parameters: {'a': 0.7771343448262893, 'b': 2.414703997118646, 'c': 0.8374337798907774, 'd': -1.4503044231986488, 'e': 0.7510285511885955, 'f': 1.2596246213838491, 'g': -2.5525002753109334, 'h': -1.4948982043781194, 'i': 0.8181847468340552, 'j': -0.3902307792760263, 'k': 0.5389542452566262, 'l': -3.3979290347556357, 'm': 1.6321057886185022, 'n': -0.861545578253573, 'o': -3.260628325616417, 'p': -0.39575917474645406, 'q': -0.1620911293462265, 'r': -3.321980676437143, 's': -1.5015416727313193, 't': 0.028427697086993962}. Best is trial 127 with value: 29.185645535984374.[0m
Minimum objective value: 29.185645535984374
Best parameter: {'a': 0.32163582149526593, 'b': -1.4766657257044207, 'c': -0.6332990679413204, 'd': -1.2374396208293197, 'e': 1.1734586634510689, 'f': -0.4059724991286807, 'g': -0.6140777149168748, 'h': -0.6548852904632678, 'i': -0.887796229896664, 'j': 1.4407724693954658, 'k': -0.3475451163987159, 'l': 1.8672788232662334, 'm': -2.2292080405857524, 'n': 0.4840689681157848, 'o': 0.6931448107810555, 'p': -0.8731250815859333, 'q': -0.7939997965568013, 'r': -0.1416007763732955, 's': -1.4272202019853175, 't': 2.6487897305911887}
[32m[I 2022-08-16 14:12:37,260][0m Trial 128 finished with value: 62.978188720992215 and parameters: {'a': 2.6972145106103316, 'b': -0.9811836956064508, 'c': -0.7197440995532469, 'd': 2.1828938901102823, 'e': 3.186556640961653, 'f': -0.42900611321156523, 'g': 0.9336535776817694, 'h': -1.0676823522421872, 'i': -1.4477331104459377, 'j': -0.27685690663389406, 'k': 0.5137420164118573, 'l': -1.7751055737554127, 'm': 1.5094921827325234, 'n': -4.090656238717878, 'o': 0.9485108317039133, 'p': -0.6734374295786374, 'q': 1.3746338217737917, 'r': -0.2567933035667308, 's': -0.6947807132865618, 't': 2.952385670307926}. Best is trial 127 with value: 29.185645535984374.[0m
Minimum objective value: 29.185645535984374
Best parameter: {'a': 0.32163582149526593, 'b': -1.4766657257044207, 'c': -0.6332990679413204, 'd': -1.2374396208293197, 'e': 1.1734586634510689, 'f': -0.4059724991286807, 'g': -0.6140777149168748, 'h': -0.6548852904632678, 'i': -0.887796229896664, 'j': 1.4407724693954658, 'k': -0.3475451163987159, 'l': 1.8672788232662334, 'm': -2.2292080405857524, 'n': 0.4840689681157848, 'o': 0.6931448107810555, 'p': -0.8731250815859333, 'q': -0.7939997965568013, 'r': -0.1416007763732955, 's': -1.4272202019853175, 't': 2.6487897305911887}
[32m[I 2022-08-16 14:12:37,769][0m Trial 132 finished with value: 51.38448343957503 and parameters: {'a': 1.0477684302792998, 'b': -0.04543706594746022, 'c': 1.4586304705125939, 'd': -0.5106582138754245, 'e': 1.3614895078380156, 'f': 3.740269105805339, 'g': -0.027497464836631125, 'h': -3.474142353576391, 'i': -0.8159127554759675, 'j': -0.9929681951972542, 'k': -1.1768836909816431, 'l': -0.9689728932425787, 'm': 1.7501826666717852, 'n': -0.17564795021628954, 'o': 0.25339398276378183, 'p': -1.0444630215947264, 'q': 0.8840165924612082, 'r': 2.6290167804329085, 's': -1.4132741875557817, 't': 1.4377805708479852}. Best is trial 127 with value: 29.185645535984374.[0m
Minimum objective value: 29.185645535984374
Best parameter: {'a': 0.32163582149526593, 'b': -1.4766657257044207, 'c': -0.6332990679413204, 'd': -1.2374396208293197, 'e': 1.1734586634510689, 'f': -0.4059724991286807, 'g': -0.6140777149168748, 'h': -0.6548852904632678, 'i': -0.887796229896664, 'j': 1.4407724693954658, 'k': -0.3475451163987159, 'l': 1.8672788232662334, 'm': -2.2292080405857524, 'n': 0.4840689681157848, 'o': 0.6931448107810555, 'p': -0.8731250815859333, 'q': -0.7939997965568013, 'r': -0.1416007763732955, 's': -1.4272202019853175, 't': 2.6487897305911887}
