[32m[I 2022-08-16 14:11:51,659][0m Trial 4 finished with value: 197.2513425406836 and parameters: {'a': -2.942845617105567, 'b': 2.413794940233477, 'c': -0.18601729942764766, 'd': 2.421553426659692, 'e': -1.8913554629205613, 'f': -4.843677379475345, 'g': -0.018525229788128428, 'h': -2.705420531980784, 'i': -2.433195633061631, 'j': 3.7624108284329667, 'k': 4.277061721307885, 'l': -4.734066049941601, 'm': 2.8972477305831505, 'n': -3.5196810808291614, 'o': -4.124346679659011, 'p': -1.7320157035859154, 'q': -2.6246153947936683, 'r': -2.7781138817464557, 's': -2.527367830407093, 't': 4.4655072058604}. Best is trial 47 with value: 122.13482755983415.[0m
[33m[W 2022-08-16 14:11:51,676][0m The parameter 'r' in trial#69 is sampled independently by using `RandomSampler` instead of `CmaEsSampler` (optimization performance may be degraded). `CmaEsSampler` does not support dynamic search space or `CategoricalDistribution`. You can suppress this warning by setting `warn_independent_sampling` to `False` in the constructor of `CmaEsSampler`, if this independent sampling is intended behavior.[0m
[33m[W 2022-08-16 14:11:51,676][0m The parameter 'k' in trial#65 is sampled independently by using `RandomSampler` instead of `CmaEsSampler` (optimization performance may be degraded). `CmaEsSampler` does not support dynamic search space or `CategoricalDistribution`. You can suppress this warning by setting `warn_independent_sampling` to `False` in the constructor of `CmaEsSampler`, if this independent sampling is intended behavior.[0m
[33m[W 2022-08-16 14:11:51,682][0m The parameter 's' in trial#12 is sampled independently by using `RandomSampler` instead of `CmaEsSampler` (optimization performance may be degraded). `CmaEsSampler` does not support dynamic search space or `CategoricalDistribution`. You can suppress this warning by setting `warn_independent_sampling` to `False` in the constructor of `CmaEsSampler`, if this independent sampling is intended behavior.[0m
[33m[W 2022-08-16 14:11:51,689][0m The parameter 'q' in trial#14 is sampled independently by using `RandomSampler` instead of `CmaEsSampler` (optimization performance may be degraded). `CmaEsSampler` does not support dynamic search space or `CategoricalDistribution`. You can suppress this warning by setting `warn_independent_sampling` to `False` in the constructor of `CmaEsSampler`, if this independent sampling is intended behavior.[0m
[33m[W 2022-08-16 14:11:51,695][0m The parameter 'r' in trial#45 is sampled independently by using `RandomSampler` instead of `CmaEsSampler` (optimization performance may be degraded). `CmaEsSampler` does not support dynamic search space or `CategoricalDistribution`. You can suppress this warning by setting `warn_independent_sampling` to `False` in the constructor of `CmaEsSampler`, if this independent sampling is intended behavior.[0m
[33m[W 2022-08-16 14:11:51,732][0m The parameter 's' in trial#69 is sampled independently by using `RandomSampler` instead of `CmaEsSampler` (optimization performance may be degraded). `CmaEsSampler` does not support dynamic search space or `CategoricalDistribution`. You can suppress this warning by setting `warn_independent_sampling` to `False` in the constructor of `CmaEsSampler`, if this independent sampling is intended behavior.[0m
[33m[W 2022-08-16 14:11:51,747][0m The parameter 't' in trial#12 is sampled independently by using `RandomSampler` instead of `CmaEsSampler` (optimization performance may be degraded). `CmaEsSampler` does not support dynamic search space or `CategoricalDistribution`. You can suppress this warning by setting `warn_independent_sampling` to `False` in the constructor of `CmaEsSampler`, if this independent sampling is intended behavior.[0m
[33m[W 2022-08-16 14:11:51,750][0m The parameter 'r' in trial#14 is sampled independently by using `RandomSampler` instead of `CmaEsSampler` (optimization performance may be degraded). `CmaEsSampler` does not support dynamic search space or `CategoricalDistribution`. You can suppress this warning by setting `warn_independent_sampling` to `False` in the constructor of `CmaEsSampler`, if this independent sampling is intended behavior.[0m
[33m[W 2022-08-16 14:11:51,766][0m The parameter 'p' in trial#68 is sampled independently by using `RandomSampler` instead of `CmaEsSampler` (optimization performance may be degraded). `CmaEsSampler` does not support dynamic search space or `CategoricalDistribution`. You can suppress this warning by setting `warn_independent_sampling` to `False` in the constructor of `CmaEsSampler`, if this independent sampling is intended behavior.[0m
[33m[W 2022-08-16 14:11:51,768][0m The parameter 'l' in trial#65 is sampled independently by using `RandomSampler` instead of `CmaEsSampler` (optimization performance may be degraded). `CmaEsSampler` does not support dynamic search space or `CategoricalDistribution`. You can suppress this warning by setting `warn_independent_sampling` to `False` in the constructor of `CmaEsSampler`, if this independent sampling is intended behavior.[0m
[33m[W 2022-08-16 14:11:51,783][0m The parameter 's' in trial#45 is sampled independently by using `RandomSampler` instead of `CmaEsSampler` (optimization performance may be degraded). `CmaEsSampler` does not support dynamic search space or `CategoricalDistribution`. You can suppress this warning by setting `warn_independent_sampling` to `False` in the constructor of `CmaEsSampler`, if this independent sampling is intended behavior.[0m
[33m[W 2022-08-16 14:11:51,792][0m The parameter 't' in trial#69 is sampled independently by using `RandomSampler` instead of `CmaEsSampler` (optimization performance may be degraded). `CmaEsSampler` does not support dynamic search space or `CategoricalDistribution`. You can suppress this warning by setting `warn_independent_sampling` to `False` in the constructor of `CmaEsSampler`, if this independent sampling is intended behavior.[0m
[33m[W 2022-08-16 14:11:51,799][0m The parameter 's' in trial#14 is sampled independently by using `RandomSampler` instead of `CmaEsSampler` (optimization performance may be degraded). `CmaEsSampler` does not support dynamic search space or `CategoricalDistribution`. You can suppress this warning by setting `warn_independent_sampling` to `False` in the constructor of `CmaEsSampler`, if this independent sampling is intended behavior.[0m
[33m[W 2022-08-16 14:11:51,813][0m The parameter 'q' in trial#68 is sampled independently by using `RandomSampler` instead of `CmaEsSampler` (optimization performance may be degraded). `CmaEsSampler` does not support dynamic search space or `CategoricalDistribution`. You can suppress this warning by setting `warn_independent_sampling` to `False` in the constructor of `CmaEsSampler`, if this independent sampling is intended behavior.[0m
[33m[W 2022-08-16 14:11:51,827][0m The parameter 't' in trial#45 is sampled independently by using `RandomSampler` instead of `CmaEsSampler` (optimization performance may be degraded). `CmaEsSampler` does not support dynamic search space or `CategoricalDistribution`. You can suppress this warning by setting `warn_independent_sampling` to `False` in the constructor of `CmaEsSampler`, if this independent sampling is intended behavior.[0m
[33m[W 2022-08-16 14:11:51,829][0m The parameter 'm' in trial#65 is sampled independently by using `RandomSampler` instead of `CmaEsSampler` (optimization performance may be degraded). `CmaEsSampler` does not support dynamic search space or `CategoricalDistribution`. You can suppress this warning by setting `warn_independent_sampling` to `False` in the constructor of `CmaEsSampler`, if this independent sampling is intended behavior.[0m
[33m[W 2022-08-16 14:11:51,843][0m The parameter 't' in trial#14 is sampled independently by using `RandomSampler` instead of `CmaEsSampler` (optimization performance may be degraded). `CmaEsSampler` does not support dynamic search space or `CategoricalDistribution`. You can suppress this warning by setting `warn_independent_sampling` to `False` in the constructor of `CmaEsSampler`, if this independent sampling is intended behavior.[0m
[33m[W 2022-08-16 14:11:51,863][0m The parameter 'r' in trial#68 is sampled independently by using `RandomSampler` instead of `CmaEsSampler` (optimization performance may be degraded). `CmaEsSampler` does not support dynamic search space or `CategoricalDistribution`. You can suppress this warning by setting `warn_independent_sampling` to `False` in the constructor of `CmaEsSampler`, if this independent sampling is intended behavior.[0m
[33m[W 2022-08-16 14:11:51,884][0m The parameter 'n' in trial#65 is sampled independently by using `RandomSampler` instead of `CmaEsSampler` (optimization performance may be degraded). `CmaEsSampler` does not support dynamic search space or `CategoricalDistribution`. You can suppress this warning by setting `warn_independent_sampling` to `False` in the constructor of `CmaEsSampler`, if this independent sampling is intended behavior.[0m
[33m[W 2022-08-16 14:11:51,919][0m The parameter 's' in trial#68 is sampled independently by using `RandomSampler` instead of `CmaEsSampler` (optimization performance may be degraded). `CmaEsSampler` does not support dynamic search space or `CategoricalDistribution`. You can suppress this warning by setting `warn_independent_sampling` to `False` in the constructor of `CmaEsSampler`, if this independent sampling is intended behavior.[0m
[33m[W 2022-08-16 14:11:51,921][0m The parameter 'n' in trial#53 is sampled independently by using `RandomSampler` instead of `CmaEsSampler` (optimization performance may be degraded). `CmaEsSampler` does not support dynamic search space or `CategoricalDistribution`. You can suppress this warning by setting `warn_independent_sampling` to `False` in the constructor of `CmaEsSampler`, if this independent sampling is intended behavior.[0m
[33m[W 2022-08-16 14:11:51,942][0m The parameter 'o' in trial#65 is sampled independently by using `RandomSampler` instead of `CmaEsSampler` (optimization performance may be degraded). `CmaEsSampler` does not support dynamic search space or `CategoricalDistribution`. You can suppress this warning by setting `warn_independent_sampling` to `False` in the constructor of `CmaEsSampler`, if this independent sampling is intended behavior.[0m
[32m[I 2022-08-16 14:11:51,975][0m Trial 50 finished with value: 228.96811884701677 and parameters: {'a': 1.0073744647950704, 'b': 0.34205631569308004, 'c': -2.3896880799040323, 'd': 4.971211644254697, 'e': -4.939260643382312, 'f': 4.744048907739184, 'g': 1.9664157221180707, 'h': 4.819461322718957, 'i': -2.1741281076941994, 'j': 4.767429084426195, 'k': 0.28404350469530737, 'l': 3.234604596476145, 'm': 1.6221506414132243, 'n': -1.8638573448972977, 'o': 3.6097302646242246, 'p': -1.810770930943181, 'q': 4.2138246881847445, 'r': 4.065042443714419, 's': 2.2657505482833518, 't': -4.8568517602100245}. Best is trial 47 with value: 122.13482755983415.[0m
[33m[W 2022-08-16 14:11:51,992][0m The parameter 'o' in trial#53 is sampled independently by using `RandomSampler` instead of `CmaEsSampler` (optimization performance may be degraded). `CmaEsSampler` does not support dynamic search space or `CategoricalDistribution`. You can suppress this warning by setting `warn_independent_sampling` to `False` in the constructor of `CmaEsSampler`, if this independent sampling is intended behavior.[0m
[33m[W 2022-08-16 14:11:52,001][0m The parameter 'm' in trial#66 is sampled independently by using `RandomSampler` instead of `CmaEsSampler` (optimization performance may be degraded). `CmaEsSampler` does not support dynamic search space or `CategoricalDistribution`. You can suppress this warning by setting `warn_independent_sampling` to `False` in the constructor of `CmaEsSampler`, if this independent sampling is intended behavior.[0m
[33m[W 2022-08-16 14:11:52,015][0m The parameter 't' in trial#68 is sampled independently by using `RandomSampler` instead of `CmaEsSampler` (optimization performance may be degraded). `CmaEsSampler` does not support dynamic search space or `CategoricalDistribution`. You can suppress this warning by setting `warn_independent_sampling` to `False` in the constructor of `CmaEsSampler`, if this independent sampling is intended behavior.[0m
[33m[W 2022-08-16 14:11:52,023][0m The parameter 'p' in trial#65 is sampled independently by using `RandomSampler` instead of `CmaEsSampler` (optimization performance may be degraded). `CmaEsSampler` does not support dynamic search space or `CategoricalDistribution`. You can suppress this warning by setting `warn_independent_sampling` to `False` in the constructor of `CmaEsSampler`, if this independent sampling is intended behavior.[0m
[33m[W 2022-08-16 14:11:52,056][0m The parameter 'n' in trial#66 is sampled independently by using `RandomSampler` instead of `CmaEsSampler` (optimization performance may be degraded). `CmaEsSampler` does not support dynamic search space or `CategoricalDistribution`. You can suppress this warning by setting `warn_independent_sampling` to `False` in the constructor of `CmaEsSampler`, if this independent sampling is intended behavior.[0m
[33m[W 2022-08-16 14:11:52,076][0m The parameter 'q' in trial#65 is sampled independently by using `RandomSampler` instead of `CmaEsSampler` (optimization performance may be degraded). `CmaEsSampler` does not support dynamic search space or `CategoricalDistribution`. You can suppress this warning by setting `warn_independent_sampling` to `False` in the constructor of `CmaEsSampler`, if this independent sampling is intended behavior.[0m
[33m[W 2022-08-16 14:11:52,103][0m The parameter 'o' in trial#66 is sampled independently by using `RandomSampler` instead of `CmaEsSampler` (optimization performance may be degraded). `CmaEsSampler` does not support dynamic search space or `CategoricalDistribution`. You can suppress this warning by setting `warn_independent_sampling` to `False` in the constructor of `CmaEsSampler`, if this independent sampling is intended behavior.[0m
[33m[W 2022-08-16 14:11:52,123][0m The parameter 'r' in trial#65 is sampled independently by using `RandomSampler` instead of `CmaEsSampler` (optimization performance may be degraded). `CmaEsSampler` does not support dynamic search space or `CategoricalDistribution`. You can suppress this warning by setting `warn_independent_sampling` to `False` in the constructor of `CmaEsSampler`, if this independent sampling is intended behavior.[0m
[33m[W 2022-08-16 14:11:52,129][0m The parameter 'p' in trial#53 is sampled independently by using `RandomSampler` instead of `CmaEsSampler` (optimization performance may be degraded). `CmaEsSampler` does not support dynamic search space or `CategoricalDistribution`. You can suppress this warning by setting `warn_independent_sampling` to `False` in the constructor of `CmaEsSampler`, if this independent sampling is intended behavior.[0m
[33m[W 2022-08-16 14:11:52,149][0m The parameter 'p' in trial#66 is sampled independently by using `RandomSampler` instead of `CmaEsSampler` (optimization performance may be degraded). `CmaEsSampler` does not support dynamic search space or `CategoricalDistribution`. You can suppress this warning by setting `warn_independent_sampling` to `False` in the constructor of `CmaEsSampler`, if this independent sampling is intended behavior.[0m
[33m[W 2022-08-16 14:11:52,172][0m The parameter 's' in trial#65 is sampled independently by using `RandomSampler` instead of `CmaEsSampler` (optimization performance may be degraded). `CmaEsSampler` does not support dynamic search space or `CategoricalDistribution`. You can suppress this warning by setting `warn_independent_sampling` to `False` in the constructor of `CmaEsSampler`, if this independent sampling is intended behavior.[0m
[33m[W 2022-08-16 14:11:52,173][0m The parameter 'k' in trial#64 is sampled independently by using `RandomSampler` instead of `CmaEsSampler` (optimization performance may be degraded). `CmaEsSampler` does not support dynamic search space or `CategoricalDistribution`. You can suppress this warning by setting `warn_independent_sampling` to `False` in the constructor of `CmaEsSampler`, if this independent sampling is intended behavior.[0m
[33m[W 2022-08-16 14:11:52,179][0m The parameter 'q' in trial#53 is sampled independently by using `RandomSampler` instead of `CmaEsSampler` (optimization performance may be degraded). `CmaEsSampler` does not support dynamic search space or `CategoricalDistribution`. You can suppress this warning by setting `warn_independent_sampling` to `False` in the constructor of `CmaEsSampler`, if this independent sampling is intended behavior.[0m
[33m[W 2022-08-16 14:11:52,209][0m The parameter 'q' in trial#66 is sampled independently by using `RandomSampler` instead of `CmaEsSampler` (optimization performance may be degraded). `CmaEsSampler` does not support dynamic search space or `CategoricalDistribution`. You can suppress this warning by setting `warn_independent_sampling` to `False` in the constructor of `CmaEsSampler`, if this independent sampling is intended behavior.[0m
[33m[W 2022-08-16 14:11:52,230][0m The parameter 'l' in trial#64 is sampled independently by using `RandomSampler` instead of `CmaEsSampler` (optimization performance may be degraded). `CmaEsSampler` does not support dynamic search space or `CategoricalDistribution`. You can suppress this warning by setting `warn_independent_sampling` to `False` in the constructor of `CmaEsSampler`, if this independent sampling is intended behavior.[0m
[33m[W 2022-08-16 14:11:52,268][0m The parameter 't' in trial#65 is sampled independently by using `RandomSampler` instead of `CmaEsSampler` (optimization performance may be degraded). `CmaEsSampler` does not support dynamic search space or `CategoricalDistribution`. You can suppress this warning by setting `warn_independent_sampling` to `False` in the constructor of `CmaEsSampler`, if this independent sampling is intended behavior.[0m
