[32m[I 2022-08-16 14:11:59,813][0m Trial 0 finished with value: 197.6670331078776 and parameters: {'a': 3.66269440879893, 'b': -0.6474354246727838, 'c': -0.29774111521476776, 'd': 4.2044442576691194, 'e': 3.822014235919604, 'f': -0.5684144013429036, 'g': 5.031927797814235, 'h': 3.6040580357066263, 'i': 0.08546919263492114, 'j': 0.938406662212393, 'k': 1.8803653634844038, 'l': -2.168326365213601, 'm': -4.173269257451278, 'n': 2.753624126508729, 'o': -4.064263413651855, 'p': 2.3455914816113452, 'q': 5.065674625920079, 'r': -3.2791624706716482, 's': 2.6467548808014056, 't': 3.6418193673643176}. Best is trial 74 with value: 29.489863628966628.[0m
[32m[I 2022-08-16 14:12:00,094][0m Trial 9 finished with value: 174.27250433219118 and parameters: {'a': 4.630116064157398, 'b': -4.143382150960718, 'c': -5.095095206851946, 'd': 4.577194515954138, 'e': -2.8411428037685518, 'f': -4.771530974008258, 'g': 0.8027647111416263, 'h': -0.941004012382086, 'i': 1.2679756378831053, 'j': 0.6733027302513257, 'k': -1.0061809437954352, 'l': -1.4740437241999733, 'm': 1.1408476642447996, 'n': 2.8443048967181985, 'o': -0.6086813674860112, 'p': -0.10178272498582341, 'q': 3.399686806887245, 'r': -3.2178894152868476, 's': -4.32373297564946, 't': 0.8721120037717478}. Best is trial 74 with value: 29.489863628966628.[0m
[32m[I 2022-08-16 14:12:00,112][0m Trial 1 finished with value: 187.9114215313367 and parameters: {'a': 2.0989401180005007, 'b': 1.6123935647257825, 'c': -2.235578168889872, 'd': 3.8642924227805695, 'e': 2.2959064003493665, 'f': -2.144488250980345, 'g': -1.1523677934191072, 'h': -3.5499792243286015, 'i': 2.850628593057354, 'j': -0.7170728941912614, 'k': -2.7371524465355495, 'l': 2.892812603704326, 'm': -3.6214532967694812, 'n': 1.985923349271757, 'o': -4.322016203023057, 'p': 3.740641408494109, 'q': 3.684199813713181, 'r': 4.605958621858359, 's': -4.089997096857285, 't': 3.3804187426714494}. Best is trial 74 with value: 29.489863628966628.[0m
[32m[I 2022-08-16 14:12:00,744][0m Trial 15 finished with value: 160.32367843810587 and parameters: {'a': -3.1289407651388332, 'b': 1.876401297475641, 'c': -4.883002455254439, 'd': 4.064778838456891, 'e': 1.2934534083501799, 'f': -4.328533974844439, 'g': 4.0823641051823385, 'h': -1.2177129445178516, 'i': 3.1968236674954627, 'j': 1.7320313933652605, 'k': -0.5569632473809625, 'l': 4.215350647777867, 'm': 0.9893556838647575, 'n': 2.152552039837026, 'o': 0.12720888438738864, 'p': -3.547252743510329, 'q': 0.4217055388232609, 'r': 3.2732200070881534, 's': -1.6573234854302905, 't': -2.2225252028170805}. Best is trial 74 with value: 29.489863628966628.[0m
[32m[I 2022-08-16 14:12:00,925][0m Trial 69 finished with value: 229.105571767658 and parameters: {'a': 4.512651820158799, 'b': -0.09156784110857874, 'c': 3.601021225951807, 'd': 4.090599876075809, 'e': 0.6684081988655715, 'f': -4.978594864968509, 'g': 3.05301789463721, 'h': -3.6283893602253627, 'i': 2.579332715697878, 'j': 4.506398465336738, 'k': 1.3924768000017336, 'l': -1.7724077416744173, 'm': 4.538173662536992, 'n': -2.8007420385750423, 'o': -4.2322013210980645, 'p': -2.4040119878087216, 'q': 4.494929020621345, 'r': 5.067619539089759, 's': 0.25149899230354134, 't': -1.092751566361227}. Best is trial 74 with value: 29.489863628966628.[0m
[32m[I 2022-08-16 14:12:01,835][0m Trial 92 finished with value: 43.86581957175202 and parameters: {'a': 1.9669628706920295, 'b': 2.623278667182199, 'c': 1.8660519745676134, 'd': 0.9045240029574226, 'e': -1.1168708015053985, 'f': 2.211359026580179, 'g': -1.157952182172809, 'h': -1.6707458252636302, 'i': -1.987087404572736, 'j': -0.310602153590266, 'k': 0.0018234421714032312, 'l': -0.6663782387215674, 'm': 2.174860277376973, 'n': 0.9914289133008616, 'o': -1.5426896993105288, 'p': 0.9328473452712656, 'q': -1.211667427158145, 'r': 0.9732729619230073, 's': 0.8535933485941314, 't': 1.396101959935833}. Best is trial 74 with value: 29.489863628966628.[0m
[32m[I 2022-08-16 14:12:01,843][0m Trial 20 finished with value: 211.03372575235085 and parameters: {'a': -3.1544816726633034, 'b': -2.5404453695996425, 'c': 1.2065565107660419, 'd': -0.7064267153800907, 'e': 1.1774910845226465, 'f': -5.0353267818472975, 'g': 4.807554627058123, 'h': 1.4939007711700807, 'i': -3.512734853796161, 'j': -3.3234049119505653, 'k': -4.745557062122972, 'l': 4.391113918900364, 'm': 1.3732550806593382, 'n': -1.5899775114210026, 'o': -3.693218678660032, 'p': 3.3314431002373555, 'q': -4.823468967362288, 'r': -3.108157133624003, 's': -3.491055299733569, 't': 1.0659518471461453}. Best is trial 74 with value: 29.489863628966628.[0m
Minimum objective value: 29.489863628966628
Best parameter: {'a': 3.193496607590811, 'b': -1.464491894985514, 'c': -0.18684658104293916, 'd': 0.9137991532687424, 'e': -0.8967255799595707, 'f': -0.7578281863721743, 'g': 0.8105314700568462, 'h': -1.1483886913965593, 'i': -2.188449598004967, 'j': -1.591135837009128, 'k': -0.11904215301802694, 'l': 0.5744527167650633, 'm': 0.44267781758655467, 'n': -1.6879303927050224, 'o': 0.1285464835909231, 'p': 0.5039354393402427, 'q': 1.1512659312746958, 'r': 0.27486567730604017, 's': 0.29424503110888395, 't': -0.6740205187139031}
[32m[I 2022-08-16 14:12:02,309][0m Trial 80 finished with value: 41.57150859906233 and parameters: {'a': 2.6411633090081144, 'b': 1.807113202240255, 'c': -0.2345976886254938, 'd': -0.34094869708193837, 'e': 0.650817791315254, 'f': 2.957905056314499, 'g': -0.5554063337550057, 'h': 0.5174577306248641, 'i': 1.403988774916955, 'j': 0.43856792800854333, 'k': -0.4897372909004845, 'l': -2.5486724863705277, 'm': 0.9492903153977955, 'n': -0.8423061727629733, 'o': -1.1766164311866543, 'p': 1.35731880446539, 'q': 2.3467702038961744, 'r': 0.3621078155101242, 's': -1.2008029037823178, 't': 0.7700436013111768}. Best is trial 74 with value: 29.489863628966628.[0m
Minimum objective value: 29.489863628966628
Best parameter: {'a': 3.193496607590811, 'b': -1.464491894985514, 'c': -0.18684658104293916, 'd': 0.9137991532687424, 'e': -0.8967255799595707, 'f': -0.7578281863721743, 'g': 0.8105314700568462, 'h': -1.1483886913965593, 'i': -2.188449598004967, 'j': -1.591135837009128, 'k': -0.11904215301802694, 'l': 0.5744527167650633, 'm': 0.44267781758655467, 'n': -1.6879303927050224, 'o': 0.1285464835909231, 'p': 0.5039354393402427, 'q': 1.1512659312746958, 'r': 0.27486567730604017, 's': 0.29424503110888395, 't': -0.6740205187139031}
[32m[I 2022-08-16 14:12:02,481][0m Trial 28 finished with value: 174.86343660328333 and parameters: {'a': -1.8153010896288357, 'b': 3.939450564261894, 'c': -2.8383394071461407, 'd': -1.4758897895748966, 'e': -2.1238904749328187, 'f': 3.242281580793281, 'g': -4.602034544557795, 'h': -0.21183353115662307, 'i': 0.19296852252447483, 'j': -3.466545066217616, 'k': -4.5306954097912, 'l': 3.844356819810103, 'm': -0.14160435983573727, 'n': 4.805308829744214, 'o': 3.3337908609169604, 'p': -3.4114900065273503, 'q': 1.464683880109602, 'r': -3.0967084569423355, 's': -0.7508818400280406, 't': -2.011189391211534}. Best is trial 74 with value: 29.489863628966628.[0m
[32m[I 2022-08-16 14:12:02,541][0m Trial 12 finished with value: 172.24479181194312 and parameters: {'a': -1.8742935371917757, 'b': -2.6825607403099854, 'c': 3.974044988096545, 'd': 0.0014422559901889898, 'e': -0.9093136839193434, 'f': 4.572501144453676, 'g': 0.22580714947183633, 'h': -3.9333663565705335, 'i': -2.5013250045340167, 'j': 4.047551458380611, 'k': -1.871184710726542, 'l': 1.8121323903394986, 'm': -2.0598970571665998, 'n': 0.8526344057506607, 'o': 3.582354500256046, 'p': -2.9872742622767565, 'q': 2.476951892730865, 'r': -4.196579306843501, 's': 4.188843282497619, 't': -3.3228007928752312}. Best is trial 74 with value: 29.489863628966628.[0m
[32m[I 2022-08-16 14:12:02,559][0m Trial 35 finished with value: 243.69270608915443 and parameters: {'a': 2.2382871102805897, 'b': -3.452276327299371, 'c': -3.2614743770289056, 'd': -1.7860049088501024, 'e': 3.9263913124459764, 'f': -1.4619276471546105, 'g': 5.105834334577826, 'h': 1.551717879982843, 'i': 4.16146864001072, 'j': 4.563852892372915, 'k': -2.1932216962651285, 'l': 2.305628712190722, 'm': -4.398683211098053, 'n': 3.704713871090269, 'o': 4.070883689750155, 'p': 5.039501101156055, 'q': -2.9240800719546143, 'r': -0.7168548771781138, 's': 4.428285519923825, 't': -3.862362090302911}. Best is trial 74 with value: 29.489863628966628.[0m
[32m[I 2022-08-16 14:12:02,844][0m Trial 67 finished with value: 169.20944560208653 and parameters: {'a': -5.022009689854525, 'b': -0.7455304866303765, 'c': 1.9807233903458519, 'd': -3.30193978387167, 'e': -3.074374145355323, 'f': 2.624366431576343, 'g': -2.64665962555119, 'h': 3.479847813300265, 'i': 3.2469012388275784, 'j': 3.0606675455584673, 'k': 2.0172928777945653, 'l': 0.7683992187084616, 'm': 1.9498495938497085, 'n': 1.0636029917174463, 'o': -2.21221025212054, 'p': 3.0794587624197343, 'q': -4.962974984601142, 'r': -1.0170598591084437, 's': 4.7452045489996175, 't': -1.0446000495959549}. Best is trial 74 with value: 29.489863628966628.[0m
[32m[I 2022-08-16 14:12:04,071][0m Trial 79 finished with value: 51.5505632977129 and parameters: {'a': -0.5318110679031477, 'b': 2.182905653667085, 'c': 0.6102538410847493, 'd': 4.23017498877781, 'e': 0.6611890595142698, 'f': -0.3785757112896682, 'g': -0.2995261317640921, 'h': 1.2974531388797397, 'i': -1.4735799572993857, 'j': 0.8908155083012916, 'k': -0.2296617126331908, 'l': 0.3463264036595067, 'm': 2.256546584555765, 'n': 0.7652012572162439, 'o': -0.6172929831025956, 'p': -0.8825298529782948, 'q': -3.293202747921506, 'r': -1.9689285068972517, 's': -0.7177638563559651, 't': -0.8186033807834441}. Best is trial 74 with value: 29.489863628966628.[0m
Minimum objective value: 29.489863628966628
Best parameter: {'a': 3.193496607590811, 'b': -1.464491894985514, 'c': -0.18684658104293916, 'd': 0.9137991532687424, 'e': -0.8967255799595707, 'f': -0.7578281863721743, 'g': 0.8105314700568462, 'h': -1.1483886913965593, 'i': -2.188449598004967, 'j': -1.591135837009128, 'k': -0.11904215301802694, 'l': 0.5744527167650633, 'm': 0.44267781758655467, 'n': -1.6879303927050224, 'o': 0.1285464835909231, 'p': 0.5039354393402427, 'q': 1.1512659312746958, 'r': 0.27486567730604017, 's': 0.29424503110888395, 't': -0.6740205187139031}
[32m[I 2022-08-16 14:12:04,118][0m Trial 75 finished with value: 50.5067310836436 and parameters: {'a': -1.2341636042480995, 'b': 2.9039976120434736, 'c': 1.1837761632569805, 'd': -0.6703104359137322, 'e': -1.1504729107948515, 'f': -3.0939603904680086, 'g': -0.16714794738595942, 'h': -0.4590396335739339, 'i': -1.1885683225826331, 'j': -0.15389198757846645, 'k': 0.36384143415742864, 'l': 1.210655669624335, 'm': -0.8326552606742239, 'n': 1.7050596388419696, 'o': 0.5701688123884227, 'p': -3.0854232934405714, 'q': 1.474201005413297, 'r': 2.043756281930548, 's': 0.06416244225296268, 't': 2.1750056538414366}. Best is trial 74 with value: 29.489863628966628.[0m
Minimum objective value: 29.489863628966628
Best parameter: {'a': 3.193496607590811, 'b': -1.464491894985514, 'c': -0.18684658104293916, 'd': 0.9137991532687424, 'e': -0.8967255799595707, 'f': -0.7578281863721743, 'g': 0.8105314700568462, 'h': -1.1483886913965593, 'i': -2.188449598004967, 'j': -1.591135837009128, 'k': -0.11904215301802694, 'l': 0.5744527167650633, 'm': 0.44267781758655467, 'n': -1.6879303927050224, 'o': 0.1285464835909231, 'p': 0.5039354393402427, 'q': 1.1512659312746958, 'r': 0.27486567730604017, 's': 0.29424503110888395, 't': -0.6740205187139031}
[32m[I 2022-08-16 14:12:04,237][0m Trial 59 finished with value: 169.1390071801561 and parameters: {'a': -3.076211333352716, 'b': 1.8850327229241746, 'c': 0.2549664241688028, 'd': 4.472701273741406, 'e': -1.692524369523734, 'f': 0.3026055302991528, 'g': 3.167624224728283, 'h': 3.9142888030533056, 'i': -1.1392301789839827, 'j': -3.0741754059097253, 'k': 3.146625928204256, 'l': 3.3955062566932606, 'm': -0.04793720737203522, 'n': -3.2294877681632284, 'o': -4.220352558621613, 'p': -1.8682430161343757, 'q': -4.813694920284448, 'r': -2.092943628162559, 's': 2.700825200621777, 't': -2.996926156518158}. Best is trial 74 with value: 29.489863628966628.[0m
[32m[I 2022-08-16 14:12:04,269][0m Trial 7 finished with value: 133.50066543728414 and parameters: {'a': 2.3171158872628324, 'b': 2.3420917571014828, 'c': 1.3142132110993634, 'd': 2.7774934420676516, 'e': 3.7770678067707495, 'f': -3.236525370730144, 'g': -4.031146686404344, 'h': -2.3109411402104163, 'i': -3.69624967535756, 'j': 0.5349925528937947, 'k': -3.0064936965404936, 'l': 0.7801585228319565, 'm': -0.4824357233219221, 'n': -2.0968243120117167, 'o': 1.0150624607115004, 'p': -3.145778921411429, 'q': -3.387410220705192, 'r': 3.808078822670587, 's': 1.0973786747684686, 't': 0.7352640887475639}. Best is trial 74 with value: 29.489863628966628.[0m
[32m[I 2022-08-16 14:12:04,452][0m Trial 36 finished with value: 161.0986464447156 and parameters: {'a': 4.7772955922281275, 'b': -3.1660340300884, 'c': -0.49485350026050945, 'd': 4.545908284389781, 'e': -2.130096563705637, 'f': -1.9823442056961733, 'g': 2.985105851871892, 'h': 1.6190261555102454, 'i': 0.5157614249388667, 'j': -0.5859299853344195, 'k': -3.4551426318700793, 'l': 2.2727201781537163, 'm': 3.0033304362770474, 'n': -4.564097203853065, 'o': -0.7595896177060704, 'p': -4.588881623997224, 'q': -4.123320516852449, 'r': 0.8200535553820609, 's': 0.6697923757608581, 't': 0.1476347385394341}. Best is trial 74 with value: 29.489863628966628.[0m
[32m[I 2022-08-16 14:12:05,156][0m Trial 82 finished with value: 29.692509504678835 and parameters: {'a': 1.7153279482494828, 'b': 1.7097475845288637, 'c': 1.1520429075180765, 'd': -0.4884048141196839, 'e': -0.3077769550916106, 'f': 1.3292515547639068, 'g': -0.4770089495994224, 'h': -1.452606154743649, 'i': -0.8358257705762626, 'j': 1.1906022494472774, 'k': 1.50001521280945, 'l': -2.6183265946042455, 'm': -1.137630931927559, 'n': -0.36034202889046896, 'o': 0.04556120592896848, 'p': -0.054272994092285316, 'q': -0.5306971851505727, 'r': 0.4388769400086879, 's': -1.4644963582718014, 't': 1.6709428175260246}. Best is trial 74 with value: 29.489863628966628.[0m
Minimum objective value: 29.489863628966628
Best parameter: {'a': 3.193496607590811, 'b': -1.464491894985514, 'c': -0.18684658104293916, 'd': 0.9137991532687424, 'e': -0.8967255799595707, 'f': -0.7578281863721743, 'g': 0.8105314700568462, 'h': -1.1483886913965593, 'i': -2.188449598004967, 'j': -1.591135837009128, 'k': -0.11904215301802694, 'l': 0.5744527167650633, 'm': 0.44267781758655467, 'n': -1.6879303927050224, 'o': 0.1285464835909231, 'p': 0.5039354393402427, 'q': 1.1512659312746958, 'r': 0.27486567730604017, 's': 0.29424503110888395, 't': -0.6740205187139031}
[32m[I 2022-08-16 14:12:05,304][0m Trial 24 finished with value: 180.1997427828005 and parameters: {'a': -3.963226434440444, 'b': 0.9676426312699142, 'c': -3.171595818630424, 'd': 1.6976610074297422, 'e': 4.54108088685985, 'f': 1.6109873413283626, 'g': 2.7381030493066696, 'h': -3.651152352306125, 'i': 4.909750257322787, 'j': 0.9784858874992155, 'k': 1.4348557212375272, 'l': -2.931899346023115, 'm': 4.689186629694032, 'n': 2.044911903848451, 'o': 4.835729897294704, 'p': 0.18953377472827437, 'q': -0.10530147398091838, 'r': 0.731248538022351, 's': 4.5314815540427125, 't': 0.42655445542361914}. Best is trial 74 with value: 29.489863628966628.[0m
[32m[I 2022-08-16 14:12:05,357][0m Trial 3 finished with value: 128.34253841724154 and parameters: {'a': -1.7059389109746226, 'b': -1.8812726209730717, 'c': -2.0857215928409447, 'd': 0.23494707334718257, 'e': 1.7963563940860228, 'f': 4.554520181504734, 'g': -0.7742025717302718, 'h': -4.103041319439454, 'i': 3.9336151665813164, 'j': 0.9792377405248276, 'k': -4.12340432011242, 'l': -2.6331929946920307, 'm': 1.5444130217081327, 'n': 0.020162833598017293, 'o': 0.02362637294731673, 'p': 0.7210394562639371, 'q': -2.6248111921969133, 'r': -4.797372216254099, 's': -0.39318561365584515, 't': 1.658105823657885}. Best is trial 74 with value: 29.489863628966628.[0m
[32m[I 2022-08-16 14:12:05,881][0m Trial 30 finished with value: 144.31608917407254 and parameters: {'a': -0.20103549359991568, 'b': 3.8646224416462482, 'c': 1.38665339788633, 'd': -3.0115335040171045, 'e': 1.4059769742172605, 'f': -2.633864247101617, 'g': -1.4797603992768313, 'h': -3.5072802279107407, 'i': 0.4917255354102563, 'j': 1.5842595047332146, 'k': -1.104672332028752, 'l': 3.4902549000840866, 'm': 2.986906132838164, 'n': -2.1439090584847724, 'o': 4.215389512342216, 'p': 0.32389482981056883, 'q': 4.864878471112175, 'r': 3.7684927654211338, 's': 1.80690229513875, 't': -2.5027601885851847}. Best is trial 74 with value: 29.489863628966628.[0m
[32m[I 2022-08-16 14:12:05,960][0m Trial 27 finished with value: 164.316402977663 and parameters: {'a': -2.087755214408154, 'b': 0.5844544906615239, 'c': -4.753836368134259, 'd': -2.830956651512789, 'e': 3.2432583795086556, 'f': 1.2530482448431295, 'g': -4.452361363114311, 'h': -2.039509771820343, 'i': 4.491729601341484, 'j': 0.9316294419275053, 'k': -2.186757511212052, 'l': -0.9314116744563572, 'm': 3.166280752085455, 'n': -1.3426498837121166, 'o': 2.4350183231874425, 'p': 0.3767268945236193, 'q': 1.2111251652741393, 'r': 4.964047618872864, 's': -4.699845265331838, 't': -0.37605715243061155}. Best is trial 74 with value: 29.489863628966628.[0m
[32m[I 2022-08-16 14:12:06,158][0m Trial 38 finished with value: 182.06115876873537 and parameters: {'a': -4.14593060901227, 'b': 4.212294308485077, 'c': 0.8512359745309279, 'd': -0.7352425457594913, 'e': 3.258844371725707, 'f': -0.9394167736337193, 'g': 2.1150530962444236, 'h': 2.203384794767934, 'i': 4.656193343379168, 'j': -2.319970983910723, 'k': -0.05768618826717642, 'l': 2.750499426922711, 'm': -0.2749424117353785, 'n': 4.5806583214657755, 'o': -4.895694226858634, 'p': -4.625444822551205, 'q': -0.5917748421924038, 'r': -4.178738663967287, 's': 2.4311316025515133, 't': 0.5087910545694481}. Best is trial 74 with value: 29.489863628966628.[0m
[32m[I 2022-08-16 14:12:06,549][0m Trial 89 finished with value: 35.08893325178856 and parameters: {'a': 0.7556440183377805, 'b': 0.5325496887236578, 'c': -0.04579858718891765, 'd': 1.0198354414490207, 'e': 1.961423665858796, 'f': -1.6044230066740799, 'g': 0.6783731546905004, 'h': 0.5109929691627094, 'i': 1.2987741500752037, 'j': 1.943045989464934, 'k': 1.5677499051989359, 'l': -0.44419711163013936, 'm': -2.0447332396764204, 'n': -2.1645643108364117, 'o': 2.3176891607760615, 'p': -0.9430530026837555, 'q': 0.6649455527410626, 'r': -1.3254829301769255, 's': -0.3234373703526252, 't': -0.7079107077127386}. Best is trial 74 with value: 29.489863628966628.[0m
Minimum objective value: 29.489863628966628
Best parameter: {'a': 3.193496607590811, 'b': -1.464491894985514, 'c': -0.18684658104293916, 'd': 0.9137991532687424, 'e': -0.8967255799595707, 'f': -0.7578281863721743, 'g': 0.8105314700568462, 'h': -1.1483886913965593, 'i': -2.188449598004967, 'j': -1.591135837009128, 'k': -0.11904215301802694, 'l': 0.5744527167650633, 'm': 0.44267781758655467, 'n': -1.6879303927050224, 'o': 0.1285464835909231, 'p': 0.5039354393402427, 'q': 1.1512659312746958, 'r': 0.27486567730604017, 's': 0.29424503110888395, 't': -0.6740205187139031}
[32m[I 2022-08-16 14:12:06,681][0m Trial 25 finished with value: 177.78405218064003 and parameters: {'a': 2.7331073847109604, 'b': 4.454841898261557, 'c': 2.194426771125676, 'd': -2.344319425939641, 'e': -0.14471169628705027, 'f': -0.3194486669984338, 'g': -2.075138715866482, 'h': 4.428912068304087, 'i': -0.7935151501295108, 'j': -3.6141661079207426, 'k': -3.3038477226009357, 'l': 2.7679850717303722, 'm': 3.363567983234545, 'n': 1.997855883061109, 'o': -2.207961865341233, 'p': 1.7017555948584553, 'q': -5.0676809822555455, 'r': 1.507247472374054, 's': -4.966017173832448, 't': 2.855372860647334}. Best is trial 74 with value: 29.489863628966628.[0m
[32m[I 2022-08-16 14:12:06,735][0m Trial 33 finished with value: 124.57794688963173 and parameters: {'a': -2.0943189449060116, 'b': 1.2828517900456848, 'c': -1.9421772484739384, 'd': 2.9173740766679517, 'e': 1.3445274934984113, 'f': -2.6949977326114913, 'g': -1.7949178014525855, 'h': 1.2101987392209113, 'i': -2.588389512304085, 'j': 1.2498154528031549, 'k': -1.6360624601818152, 'l': -1.1361212356398322, 'm': 0.6605204167351069, 'n': -1.7397542939371133, 'o': 3.9851449657099165, 'p': -3.1442350293968415, 'q': 1.071622872375948, 'r': -3.911887704376992, 's': 3.253151124884636, 't': 4.900176931195058}. Best is trial 74 with value: 29.489863628966628.[0m
[32m[I 2022-08-16 14:12:06,792][0m Trial 93 finished with value: 84.06026211874791 and parameters: {'a': 2.492870570160495, 'b': -1.8169417745618017, 'c': -1.6395437693274082, 'd': 0.4886167078372768, 'e': -2.2006669688257543, 'f': 0.9693475565664267, 'g': -0.3632684925113654, 'h': -2.63028734513583, 'i': 1.2004121470072584, 'j': -0.9789191490686582, 'k': -1.2563675600895399, 'l': 3.107112400278642, 'm': -1.726510147660256, 'n': -1.6686145556970216, 'o': 1.1711068267475824, 'p': -2.0350016065378878, 'q': -1.600515257099567, 'r': 0.44622464724046396, 's': 3.538726729611151, 't': -4.311811657281175}. Best is trial 74 with value: 29.489863628966628.[0m
Minimum objective value: 29.489863628966628
Best parameter: {'a': 3.193496607590811, 'b': -1.464491894985514, 'c': -0.18684658104293916, 'd': 0.9137991532687424, 'e': -0.8967255799595707, 'f': -0.7578281863721743, 'g': 0.8105314700568462, 'h': -1.1483886913965593, 'i': -2.188449598004967, 'j': -1.591135837009128, 'k': -0.11904215301802694, 'l': 0.5744527167650633, 'm': 0.44267781758655467, 'n': -1.6879303927050224, 'o': 0.1285464835909231, 'p': 0.5039354393402427, 'q': 1.1512659312746958, 'r': 0.27486567730604017, 's': 0.29424503110888395, 't': -0.6740205187139031}
