[32m[I 2022-08-16 14:12:19,517][0m Trial 131 finished with value: 51.31904044207968 and parameters: {'a': 3.3513645907868894, 'b': 0.29354281324269127, 'c': -0.18850541772590496, 'd': 0.7068965523757578, 'e': 1.7971882684303713, 'f': 1.220100889573453, 'g': 2.7999596662891593, 'h': 1.120238314388848, 'i': 0.7693593432199348, 'j': 0.9025205023179625, 'k': -0.7431127365450276, 'l': -0.9676051123058187, 'm': 1.3856710255206925, 'n': -3.618268819593157, 'o': -0.11061349699218315, 'p': -2.0918789766135926, 'q': 1.3359663260328847, 'r': 1.0820111597727324, 's': -0.4371539012431268, 't': -0.4593627617546584}. Best is trial 74 with value: 29.489863628966628.[0m
Minimum objective value: 29.489863628966628
Best parameter: {'a': 3.193496607590811, 'b': -1.464491894985514, 'c': -0.18684658104293916, 'd': 0.9137991532687424, 'e': -0.8967255799595707, 'f': -0.7578281863721743, 'g': 0.8105314700568462, 'h': -1.1483886913965593, 'i': -2.188449598004967, 'j': -1.591135837009128, 'k': -0.11904215301802694, 'l': 0.5744527167650633, 'm': 0.44267781758655467, 'n': -1.6879303927050224, 'o': 0.1285464835909231, 'p': 0.5039354393402427, 'q': 1.1512659312746958, 'r': 0.27486567730604017, 's': 0.29424503110888395, 't': -0.6740205187139031}
[32m[I 2022-08-16 14:12:20,549][0m Trial 87 finished with value: 82.86717167541099 and parameters: {'a': 1.9411940945153114, 'b': -0.11731467133321274, 'c': 0.5006646385288376, 'd': 4.2389108595422185, 'e': 0.2813011822580191, 'f': -2.733896062625143, 'g': 2.1960126213103797, 'h': -1.0442651789442292, 'i': 0.5027529306129729, 'j': -3.785056378315908, 'k': 1.2531052517921448, 'l': 2.67638164137648, 'm': 2.7425027484821807, 'n': 2.640166053944101, 'o': 1.6934436667788333, 'p': 0.2467666096004716, 'q': -0.5075533170174922, 'r': 1.1665546335868657, 's': 1.6999335192328402, 't': -1.4691778996468903}. Best is trial 74 with value: 29.489863628966628.[0m
[32m[I 2022-08-16 14:12:20,552][0m Trial 73 finished with value: 58.10402117059141 and parameters: {'a': -0.5783288098464647, 'b': -0.9043876818444901, 'c': -0.11340458797364963, 'd': 1.3014171135683263, 'e': 1.0984687059987879, 'f': 0.4399862265346473, 'g': 0.9867971918186766, 'h': -0.5712699752754127, 'i': 1.0084451385238018, 'j': 1.5772396261827777, 'k': -2.327264570575871, 'l': -2.8213835820262645, 'm': 0.056667468955851896, 'n': 3.6035037286711558, 'o': -0.41794630828812257, 'p': 2.278141041786894, 'q': -0.7659881966993114, 'r': -3.589490931703659, 's': 1.8421071696504134, 't': 0.6679395501959108}. Best is trial 74 with value: 29.489863628966628.[0m
Minimum objective value: 29.489863628966628
Best parameter: {'a': 3.193496607590811, 'b': -1.464491894985514, 'c': -0.18684658104293916, 'd': 0.9137991532687424, 'e': -0.8967255799595707, 'f': -0.7578281863721743, 'g': 0.8105314700568462, 'h': -1.1483886913965593, 'i': -2.188449598004967, 'j': -1.591135837009128, 'k': -0.11904215301802694, 'l': 0.5744527167650633, 'm': 0.44267781758655467, 'n': -1.6879303927050224, 'o': 0.1285464835909231, 'p': 0.5039354393402427, 'q': 1.1512659312746958, 'r': 0.27486567730604017, 's': 0.29424503110888395, 't': -0.6740205187139031}
Minimum objective value: 29.489863628966628
Best parameter: {'a': 3.193496607590811, 'b': -1.464491894985514, 'c': -0.18684658104293916, 'd': 0.9137991532687424, 'e': -0.8967255799595707, 'f': -0.7578281863721743, 'g': 0.8105314700568462, 'h': -1.1483886913965593, 'i': -2.188449598004967, 'j': -1.591135837009128, 'k': -0.11904215301802694, 'l': 0.5744527167650633, 'm': 0.44267781758655467, 'n': -1.6879303927050224, 'o': 0.1285464835909231, 'p': 0.5039354393402427, 'q': 1.1512659312746958, 'r': 0.27486567730604017, 's': 0.29424503110888395, 't': -0.6740205187139031}
[32m[I 2022-08-16 14:12:20,794][0m Trial 109 finished with value: 79.10529787769411 and parameters: {'a': 1.8036290471784509, 'b': -1.3295232682342575, 'c': -0.40569624324163134, 'd': -0.7266786317107494, 'e': 3.0986445844580692, 'f': 1.0415646643904932, 'g': -2.808660517920429, 'h': 0.268306109092908, 'i': -0.07880890431224322, 'j': -0.5212875079484897, 'k': -2.7180897755894424, 'l': -0.19764122026452186, 'm': -4.377893895312831, 'n': -1.7251984775165679, 'o': -1.195446091706995, 'p': -0.7397931463739785, 'q': -0.5752782374767982, 'r': 3.948347806553804, 's': 0.26741327407481685, 't': -2.6323636819115377}. Best is trial 74 with value: 29.489863628966628.[0m
Minimum objective value: 29.489863628966628
Best parameter: {'a': 3.193496607590811, 'b': -1.464491894985514, 'c': -0.18684658104293916, 'd': 0.9137991532687424, 'e': -0.8967255799595707, 'f': -0.7578281863721743, 'g': 0.8105314700568462, 'h': -1.1483886913965593, 'i': -2.188449598004967, 'j': -1.591135837009128, 'k': -0.11904215301802694, 'l': 0.5744527167650633, 'm': 0.44267781758655467, 'n': -1.6879303927050224, 'o': 0.1285464835909231, 'p': 0.5039354393402427, 'q': 1.1512659312746958, 'r': 0.27486567730604017, 's': 0.29424503110888395, 't': -0.6740205187139031}
[32m[I 2022-08-16 14:12:21,164][0m Trial 110 finished with value: 55.57836916208748 and parameters: {'a': 1.0580172022916643, 'b': -2.1741585164938844, 'c': 2.4907418358817983, 'd': 0.2668283946681477, 'e': -0.638620851533075, 'f': 1.8843979974585017, 'g': -1.052709232211174, 'h': 1.8527588396893044, 'i': -2.0880009516158884, 'j': 1.0500800814983788, 'k': 0.7359852053956512, 'l': 2.8796751725679886, 'm': 2.307825366024499, 'n': 1.7421914551469222, 'o': -0.7205855448026639, 'p': -0.5974052964152746, 'q': -2.1883522663624606, 'r': -2.3195514749712194, 's': 0.13322216498025666, 't': 1.1118942681976454}. Best is trial 74 with value: 29.489863628966628.[0m
Minimum objective value: 29.489863628966628
Best parameter: {'a': 3.193496607590811, 'b': -1.464491894985514, 'c': -0.18684658104293916, 'd': 0.9137991532687424, 'e': -0.8967255799595707, 'f': -0.7578281863721743, 'g': 0.8105314700568462, 'h': -1.1483886913965593, 'i': -2.188449598004967, 'j': -1.591135837009128, 'k': -0.11904215301802694, 'l': 0.5744527167650633, 'm': 0.44267781758655467, 'n': -1.6879303927050224, 'o': 0.1285464835909231, 'p': 0.5039354393402427, 'q': 1.1512659312746958, 'r': 0.27486567730604017, 's': 0.29424503110888395, 't': -0.6740205187139031}
[32m[I 2022-08-16 14:12:21,239][0m Trial 45 finished with value: 180.02992022659558 and parameters: {'a': -3.549917411862591, 'b': -3.739095787295236, 'c': 2.208076578140531, 'd': 3.345632299964456, 'e': 0.25484141909255964, 'f': 2.813439500147042, 'g': 4.085750553665798, 'h': -2.901742046037431, 'i': 0.32796965466185135, 'j': -3.629916953634727, 'k': 3.5570297733687104, 'l': -0.7816082308068051, 'm': -4.065420588754596, 'n': 0.7709808564978449, 'o': 1.9313520567816242, 'p': -3.298146292406177, 'q': 1.550792087670362, 'r': -3.7668931619123773, 's': 5.085775354695248, 't': -1.8835420941822245}. Best is trial 74 with value: 29.489863628966628.[0m
[32m[I 2022-08-16 14:12:22,114][0m Trial 81 finished with value: 64.83996217001545 and parameters: {'a': -1.063138576259056, 'b': 3.369106335612932, 'c': 1.7141227467231444, 'd': 1.1234280160552077, 'e': 2.043882189015012, 'f': 0.7891025628002223, 'g': 1.4372136739446821, 'h': -0.5309131861474352, 'i': 1.6137193934217968, 'j': -0.5126738579935295, 'k': 0.6045071804210261, 'l': 1.4673156197186796, 'm': -1.4304464029291541, 'n': 0.14068542246712332, 'o': 3.599415240920086, 'p': -3.594784557331948, 'q': 2.4839426901198736, 'r': -0.25392625822419945, 's': -0.967893320184906, 't': 0.7141799492345294}. Best is trial 74 with value: 29.489863628966628.[0m
Minimum objective value: 29.489863628966628
Best parameter: {'a': 3.193496607590811, 'b': -1.464491894985514, 'c': -0.18684658104293916, 'd': 0.9137991532687424, 'e': -0.8967255799595707, 'f': -0.7578281863721743, 'g': 0.8105314700568462, 'h': -1.1483886913965593, 'i': -2.188449598004967, 'j': -1.591135837009128, 'k': -0.11904215301802694, 'l': 0.5744527167650633, 'm': 0.44267781758655467, 'n': -1.6879303927050224, 'o': 0.1285464835909231, 'p': 0.5039354393402427, 'q': 1.1512659312746958, 'r': 0.27486567730604017, 's': 0.29424503110888395, 't': -0.6740205187139031}
[32m[I 2022-08-16 14:12:23,032][0m Trial 91 finished with value: 72.03386465253132 and parameters: {'a': 0.13077172949048765, 'b': -1.4874789382486953, 'c': -0.9807383227721509, 'd': -2.0242386341145795, 'e': -1.0291294299926133, 'f': -0.06211288003836125, 'g': 3.2246597729812514, 'h': 1.7572689088328863, 'i': 0.4162368835774934, 'j': 0.2807428993619656, 'k': 0.764411934478031, 'l': 1.3087859397233113, 'm': -3.3483216866994403, 'n': 3.3124125488241525, 'o': 0.6235162137124802, 'p': 1.7528853552310304, 'q': -3.7238350612770126, 'r': -0.06216773949806614, 's': -2.7690387233220046, 't': -0.6804202343739522}. Best is trial 74 with value: 29.489863628966628.[0m
Minimum objective value: 29.489863628966628
Best parameter: {'a': 3.193496607590811, 'b': -1.464491894985514, 'c': -0.18684658104293916, 'd': 0.9137991532687424, 'e': -0.8967255799595707, 'f': -0.7578281863721743, 'g': 0.8105314700568462, 'h': -1.1483886913965593, 'i': -2.188449598004967, 'j': -1.591135837009128, 'k': -0.11904215301802694, 'l': 0.5744527167650633, 'm': 0.44267781758655467, 'n': -1.6879303927050224, 'o': 0.1285464835909231, 'p': 0.5039354393402427, 'q': 1.1512659312746958, 'r': 0.27486567730604017, 's': 0.29424503110888395, 't': -0.6740205187139031}
[32m[I 2022-08-16 14:12:23,489][0m Trial 127 finished with value: 29.185645535984374 and parameters: {'a': 0.32163582149526593, 'b': -1.4766657257044207, 'c': -0.6332990679413204, 'd': -1.2374396208293197, 'e': 1.1734586634510689, 'f': -0.4059724991286807, 'g': -0.6140777149168748, 'h': -0.6548852904632678, 'i': -0.887796229896664, 'j': 1.4407724693954658, 'k': -0.3475451163987159, 'l': 1.8672788232662334, 'm': -2.2292080405857524, 'n': 0.4840689681157848, 'o': 0.6931448107810555, 'p': -0.8731250815859333, 'q': -0.7939997965568013, 'r': -0.1416007763732955, 's': -1.4272202019853175, 't': 2.6487897305911887}. Best is trial 127 with value: 29.185645535984374.[0m
Minimum objective value: 29.185645535984374
Best parameter: {'a': 0.32163582149526593, 'b': -1.4766657257044207, 'c': -0.6332990679413204, 'd': -1.2374396208293197, 'e': 1.1734586634510689, 'f': -0.4059724991286807, 'g': -0.6140777149168748, 'h': -0.6548852904632678, 'i': -0.887796229896664, 'j': 1.4407724693954658, 'k': -0.3475451163987159, 'l': 1.8672788232662334, 'm': -2.2292080405857524, 'n': 0.4840689681157848, 'o': 0.6931448107810555, 'p': -0.8731250815859333, 'q': -0.7939997965568013, 'r': -0.1416007763732955, 's': -1.4272202019853175, 't': 2.6487897305911887}
[32m[I 2022-08-16 14:12:23,567][0m Trial 100 finished with value: 52.92487641250778 and parameters: {'a': -0.05198111022366566, 'b': -0.08438599202592341, 'c': -0.6642023404194981, 'd': -1.1239571954103271, 'e': 3.0354735913020097, 'f': 0.7854646229326647, 'g': 1.5254340418235293, 'h': -2.981138131318896, 'i': -3.256081907252421, 'j': -0.8820533856195049, 'k': 1.3993291246745654, 'l': -0.17794004713073377, 'm': -0.406098025037637, 'n': -0.9517914221306865, 'o': -3.493353135871991, 'p': -0.22537320352721538, 'q': -0.3110583010810076, 'r': 0.4172436767771946, 's': -0.5190949794689766, 't': 1.711755701633095}. Best is trial 127 with value: 29.185645535984374.[0m
Minimum objective value: 29.185645535984374
Best parameter: {'a': 0.32163582149526593, 'b': -1.4766657257044207, 'c': -0.6332990679413204, 'd': -1.2374396208293197, 'e': 1.1734586634510689, 'f': -0.4059724991286807, 'g': -0.6140777149168748, 'h': -0.6548852904632678, 'i': -0.887796229896664, 'j': 1.4407724693954658, 'k': -0.3475451163987159, 'l': 1.8672788232662334, 'm': -2.2292080405857524, 'n': 0.4840689681157848, 'o': 0.6931448107810555, 'p': -0.8731250815859333, 'q': -0.7939997965568013, 'r': -0.1416007763732955, 's': -1.4272202019853175, 't': 2.6487897305911887}
[32m[I 2022-08-16 14:12:23,713][0m Trial 102 finished with value: 57.90114987500909 and parameters: {'a': 0.8597218301981114, 'b': -0.8758125725736282, 'c': 3.948900267047553, 'd': -0.29799238416834223, 'e': -1.4784779450802081, 'f': -0.19613338264908695, 'g': -3.374051674329419, 'h': 1.8504354491730564, 'i': -2.2358575152025955, 'j': -2.354809028237101, 'k': -1.2037292588549628, 'l': 0.9327215754003179, 'm': 0.3509414778217858, 'n': -2.1249101417746976, 'o': -1.6199606914644717, 'p': 0.21448800273684385, 'q': 0.399983565219527, 'r': -0.7476555625549582, 's': -0.7054469882099712, 't': -1.5136830714207719}. Best is trial 127 with value: 29.185645535984374.[0m
Minimum objective value: 29.185645535984374
Best parameter: {'a': 0.32163582149526593, 'b': -1.4766657257044207, 'c': -0.6332990679413204, 'd': -1.2374396208293197, 'e': 1.1734586634510689, 'f': -0.4059724991286807, 'g': -0.6140777149168748, 'h': -0.6548852904632678, 'i': -0.887796229896664, 'j': 1.4407724693954658, 'k': -0.3475451163987159, 'l': 1.8672788232662334, 'm': -2.2292080405857524, 'n': 0.4840689681157848, 'o': 0.6931448107810555, 'p': -0.8731250815859333, 'q': -0.7939997965568013, 'r': -0.1416007763732955, 's': -1.4272202019853175, 't': 2.6487897305911887}
[32m[I 2022-08-16 14:12:24,148][0m Trial 103 finished with value: 52.208489512219224 and parameters: {'a': -0.24763970534874225, 'b': -3.2118234061065016, 'c': 2.838774891390109, 'd': -0.3264695476146792, 'e': -0.2925468004675768, 'f': 1.7350395192329753, 'g': 0.710607470834107, 'h': 0.45632207478510284, 'i': 1.9456827802410648, 'j': -0.5681162659061206, 'k': 1.0146408674673455, 'l': -0.10521327223526754, 'm': -2.3416563327776854, 'n': -2.1924269049493676, 'o': 2.1446465333917626, 'p': 1.7628222028676999, 'q': 0.19197681480777556, 'r': -1.4556247116719305, 's': -0.2462148663112233, 't': -2.1200297235375185}. Best is trial 127 with value: 29.185645535984374.[0m
Minimum objective value: 29.185645535984374
Best parameter: {'a': 0.32163582149526593, 'b': -1.4766657257044207, 'c': -0.6332990679413204, 'd': -1.2374396208293197, 'e': 1.1734586634510689, 'f': -0.4059724991286807, 'g': -0.6140777149168748, 'h': -0.6548852904632678, 'i': -0.887796229896664, 'j': 1.4407724693954658, 'k': -0.3475451163987159, 'l': 1.8672788232662334, 'm': -2.2292080405857524, 'n': 0.4840689681157848, 'o': 0.6931448107810555, 'p': -0.8731250815859333, 'q': -0.7939997965568013, 'r': -0.1416007763732955, 's': -1.4272202019853175, 't': 2.6487897305911887}
[32m[I 2022-08-16 14:12:24,808][0m Trial 125 finished with value: 81.69968083995339 and parameters: {'a': -0.3197395160553498, 'b': 2.897293931617829, 'c': -1.8000115486205202, 'd': 3.2306033499219318, 'e': 2.0590405800069336, 'f': -0.09151781311588886, 'g': 0.44080050737176796, 'h': 3.3779483412106686, 'i': -2.615463792550744, 'j': -0.17533022335245108, 'k': 0.9046504744260186, 'l': 0.06581164097949832, 'm': -0.9118488031232387, 'n': -2.726160690201267, 'o': 3.2323338917496858, 'p': -2.134419611907894, 'q': 1.5507678870889474, 'r': 1.4502494866933375, 's': 1.9161632454600306, 't': 2.128938906979503}. Best is trial 127 with value: 29.185645535984374.[0m
Minimum objective value: 29.185645535984374
Best parameter: {'a': 0.32163582149526593, 'b': -1.4766657257044207, 'c': -0.6332990679413204, 'd': -1.2374396208293197, 'e': 1.1734586634510689, 'f': -0.4059724991286807, 'g': -0.6140777149168748, 'h': -0.6548852904632678, 'i': -0.887796229896664, 'j': 1.4407724693954658, 'k': -0.3475451163987159, 'l': 1.8672788232662334, 'm': -2.2292080405857524, 'n': 0.4840689681157848, 'o': 0.6931448107810555, 'p': -0.8731250815859333, 'q': -0.7939997965568013, 'r': -0.1416007763732955, 's': -1.4272202019853175, 't': 2.6487897305911887}
[32m[I 2022-08-16 14:12:25,221][0m Trial 83 finished with value: 36.304341421275396 and parameters: {'a': -2.905951148426709, 'b': -0.9365474045065064, 'c': 1.880917561227627, 'd': -0.7992461832047456, 'e': -1.058084562806092, 'f': -0.8625490359789376, 'g': -1.2710359883164004, 'h': 1.3158874179450872, 'i': 0.7363886397418504, 'j': -1.2884266628934409, 'k': -0.5906469078618392, 'l': 0.3958025082137389, 'm': -2.093381492150512, 'n': -0.08915752895768266, 'o': -1.7693068769906122, 'p': -0.9163880303037906, 'q': 0.20217708123133749, 'r': -1.9151756156406032, 's': 1.4550923517732806, 't': -0.8373088865806961}. Best is trial 127 with value: 29.185645535984374.[0m
Minimum objective value: 29.185645535984374
Best parameter: {'a': 0.32163582149526593, 'b': -1.4766657257044207, 'c': -0.6332990679413204, 'd': -1.2374396208293197, 'e': 1.1734586634510689, 'f': -0.4059724991286807, 'g': -0.6140777149168748, 'h': -0.6548852904632678, 'i': -0.887796229896664, 'j': 1.4407724693954658, 'k': -0.3475451163987159, 'l': 1.8672788232662334, 'm': -2.2292080405857524, 'n': 0.4840689681157848, 'o': 0.6931448107810555, 'p': -0.8731250815859333, 'q': -0.7939997965568013, 'r': -0.1416007763732955, 's': -1.4272202019853175, 't': 2.6487897305911887}
[32m[I 2022-08-16 14:12:25,789][0m Trial 99 finished with value: 59.677793378392266 and parameters: {'a': 2.1309149427913567, 'b': 0.8176627597971682, 'c': -0.4260855896214082, 'd': 3.1008465025597136, 'e': -1.195981549942945, 'f': -0.6162722843441435, 'g': 1.750225898741339, 'h': -1.698608096669509, 'i': -0.5051928534809808, 'j': 1.6599039886242897, 'k': -0.0008901013649536638, 'l': -1.021587483652561, 'm': -0.15822137820349835, 'n': 1.3112442824394435, 'o': -3.248398118836561, 'p': 1.961893550520418, 'q': 1.2348160246496986, 'r': -0.9140423428637577, 's': 3.667971455767229, 't': -0.9481494033473464}. Best is trial 127 with value: 29.185645535984374.[0m
Minimum objective value: 29.185645535984374
Best parameter: {'a': 0.32163582149526593, 'b': -1.4766657257044207, 'c': -0.6332990679413204, 'd': -1.2374396208293197, 'e': 1.1734586634510689, 'f': -0.4059724991286807, 'g': -0.6140777149168748, 'h': -0.6548852904632678, 'i': -0.887796229896664, 'j': 1.4407724693954658, 'k': -0.3475451163987159, 'l': 1.8672788232662334, 'm': -2.2292080405857524, 'n': 0.4840689681157848, 'o': 0.6931448107810555, 'p': -0.8731250815859333, 'q': -0.7939997965568013, 'r': -0.1416007763732955, 's': -1.4272202019853175, 't': 2.6487897305911887}
[32m[I 2022-08-16 14:12:25,961][0m Trial 124 finished with value: 50.488445545469126 and parameters: {'a': -0.38552633809884895, 'b': -1.2331591236209332, 'c': -1.035867611299661, 'd': 0.7609885070743951, 'e': -3.2520258766676315, 'f': -0.6527765584035709, 'g': 2.027192615310416, 'h': -1.1583989596767768, 'i': -1.7439526834196148, 'j': -0.9206578659226357, 'k': -1.7941687897841077, 'l': -2.476615760070883, 'm': -0.17890491135710979, 'n': -0.8157190620640341, 'o': 0.7699938520609251, 'p': -0.9362248733242745, 'q': -2.2659679705669262, 'r': 1.766296135669445, 's': -2.2573591893807965, 't': -1.3983118857768448}. Best is trial 127 with value: 29.185645535984374.[0m
Minimum objective value: 29.185645535984374
Best parameter: {'a': 0.32163582149526593, 'b': -1.4766657257044207, 'c': -0.6332990679413204, 'd': -1.2374396208293197, 'e': 1.1734586634510689, 'f': -0.4059724991286807, 'g': -0.6140777149168748, 'h': -0.6548852904632678, 'i': -0.887796229896664, 'j': 1.4407724693954658, 'k': -0.3475451163987159, 'l': 1.8672788232662334, 'm': -2.2292080405857524, 'n': 0.4840689681157848, 'o': 0.6931448107810555, 'p': -0.8731250815859333, 'q': -0.7939997965568013, 'r': -0.1416007763732955, 's': -1.4272202019853175, 't': 2.6487897305911887}
[32m[I 2022-08-16 14:12:26,296][0m Trial 108 finished with value: 51.89881177785418 and parameters: {'a': 0.21692560055669263, 'b': 0.48873365251412626, 'c': 1.075747467349748, 'd': 0.6195223252311274, 'e': 0.40439912163426195, 'f': 1.8510512754635016, 'g': 0.9100264936448836, 'h': 0.9617538683244758, 'i': 1.7458207373213013, 'j': -0.549159199640091, 'k': -3.2703102090499696, 'l': -3.311206580254169, 'm': -1.8715049512735316, 'n': -1.987698570098642, 'o': 0.0135527296930439, 'p': -1.1438195050625448, 'q': 0.6795299266338656, 'r': -0.5158904157588187, 's': -2.243923568135182, 't': 2.279307363337393}. Best is trial 127 with value: 29.185645535984374.[0m
Minimum objective value: 29.185645535984374
Best parameter: {'a': 0.32163582149526593, 'b': -1.4766657257044207, 'c': -0.6332990679413204, 'd': -1.2374396208293197, 'e': 1.1734586634510689, 'f': -0.4059724991286807, 'g': -0.6140777149168748, 'h': -0.6548852904632678, 'i': -0.887796229896664, 'j': 1.4407724693954658, 'k': -0.3475451163987159, 'l': 1.8672788232662334, 'm': -2.2292080405857524, 'n': 0.4840689681157848, 'o': 0.6931448107810555, 'p': -0.8731250815859333, 'q': -0.7939997965568013, 'r': -0.1416007763732955, 's': -1.4272202019853175, 't': 2.6487897305911887}
[32m[I 2022-08-16 14:12:27,362][0m Trial 119 finished with value: 45.38592815719927 and parameters: {'a': 0.20432655744474615, 'b': 2.688353825734034, 'c': -1.631139017308636, 'd': 0.54858118328835, 'e': 2.6384584173825054, 'f': -2.417691999598674, 'g': -0.21468516725077452, 'h': -2.2959741562606175, 'i': 1.6046410116158152, 'j': -0.3153864216526455, 'k': 0.04151044217793932, 'l': 0.23693644421610455, 'm': 0.039921785561347095, 'n': -1.3147040273628698, 'o': -0.5483421297808571, 'p': -0.20363603690979679, 'q': -1.2729942881587342, 'r': -0.7313618993060025, 's': -2.7029605453045407, 't': -1.6629195185314267}. Best is trial 127 with value: 29.185645535984374.[0m
