[32m[I 2022-08-16 14:12:12,614][0m Trial 123 finished with value: 40.779423584427434 and parameters: {'a': 0.15489890467446865, 'b': 0.6278979212834037, 'c': -0.6399635435467372, 'd': 0.8396300349398494, 'e': 1.6489872508200984, 'f': 0.341569608015715, 'g': -1.8797269443910696, 'h': 2.811456461934691, 'i': 0.0921269281181285, 'j': -0.13685923313390583, 'k': -1.3627252478176142, 'l': -1.8190067228356774, 'm': -2.07634334916513, 'n': -1.588465240497916, 'o': 3.177376112798787, 'p': -1.1436101705136497, 'q': -0.09799309130277695, 'r': -0.6447848852911069, 's': 0.5877029268901618, 't': 0.8782924320612686}. Best is trial 74 with value: 29.489863628966628.[0m
Minimum objective value: 29.489863628966628
Best parameter: {'a': 3.193496607590811, 'b': -1.464491894985514, 'c': -0.18684658104293916, 'd': 0.9137991532687424, 'e': -0.8967255799595707, 'f': -0.7578281863721743, 'g': 0.8105314700568462, 'h': -1.1483886913965593, 'i': -2.188449598004967, 'j': -1.591135837009128, 'k': -0.11904215301802694, 'l': 0.5744527167650633, 'm': 0.44267781758655467, 'n': -1.6879303927050224, 'o': 0.1285464835909231, 'p': 0.5039354393402427, 'q': 1.1512659312746958, 'r': 0.27486567730604017, 's': 0.29424503110888395, 't': -0.6740205187139031}
[32m[I 2022-08-16 14:12:13,496][0m Trial 107 finished with value: 89.63001820798507 and parameters: {'a': -4.816345623410666, 'b': -0.6977384869696156, 'c': 2.137244817212607, 'd': -1.5674539345629317, 'e': -2.6256529341068924, 'f': 2.0105986579552027, 'g': 0.8537370708845826, 'h': -2.281699176874991, 'i': 1.9889462376713218, 'j': 0.048698623441170756, 'k': 1.0202978747759668, 'l': -0.6153850014728783, 'm': -3.6436505110761015, 'n': 0.9788100474715757, 'o': -0.5218422295728291, 'p': 2.2849219619649137, 'q': 0.5969125281449656, 'r': 2.8084966184375655, 's': 0.5608173775938589, 't': -2.895821722567499}. Best is trial 74 with value: 29.489863628966628.[0m
Minimum objective value: 29.489863628966628
Best parameter: {'a': 3.193496607590811, 'b': -1.464491894985514, 'c': -0.18684658104293916, 'd': 0.9137991532687424, 'e': -0.8967255799595707, 'f': -0.7578281863721743, 'g': 0.8105314700568462, 'h': -1.1483886913965593, 'i': -2.188449598004967, 'j': -1.591135837009128, 'k': -0.11904215301802694, 'l': 0.5744527167650633, 'm': 0.44267781758655467, 'n': -1.6879303927050224, 'o': 0.1285464835909231, 'p': 0.5039354393402427, 'q': 1.1512659312746958, 'r': 0.27486567730604017, 's': 0.29424503110888395, 't': -0.6740205187139031}
[32m[I 2022-08-16 14:12:14,035][0m Trial 118 finished with value: 38.834199463072906 and parameters: {'a': 1.8639870422001343, 'b': 2.1759208759138824, 'c': 1.6832936029373982, 'd': -0.40829069817953195, 'e': -2.3788908350012705, 'f': 0.45335145392194215, 'g': 0.0636520981621297, 'h': 0.10016851526983377, 'i': 2.2754789824116144, 'j': -0.8365680122836099, 'k': 1.2481567350614302, 'l': 0.8139885746623039, 'm': 2.226955335015801, 'n': -0.5172325115154514, 'o': -0.06428692343758774, 'p': 1.3642301512277493, 'q': -0.6743910705270956, 'r': -1.3078355454374244, 's': -1.7928278778444455, 't': -1.08466517624734}. Best is trial 74 with value: 29.489863628966628.[0m
Minimum objective value: 29.489863628966628
Best parameter: {'a': 3.193496607590811, 'b': -1.464491894985514, 'c': -0.18684658104293916, 'd': 0.9137991532687424, 'e': -0.8967255799595707, 'f': -0.7578281863721743, 'g': 0.8105314700568462, 'h': -1.1483886913965593, 'i': -2.188449598004967, 'j': -1.591135837009128, 'k': -0.11904215301802694, 'l': 0.5744527167650633, 'm': 0.44267781758655467, 'n': -1.6879303927050224, 'o': 0.1285464835909231, 'p': 0.5039354393402427, 'q': 1.1512659312746958, 'r': 0.27486567730604017, 's': 0.29424503110888395, 't': -0.6740205187139031}
[32m[I 2022-08-16 14:12:14,132][0m Trial 54 finished with value: 127.79753800897092 and parameters: {'a': 3.0387797555582194, 'b': 0.7808548413287282, 'c': 3.9633971365017997, 'd': 0.02182728224577346, 'e': 2.6997259714600794, 'f': -4.522846596362731, 'g': 3.969937453933423, 'h': 2.4161255862589064, 'i': -0.9076309856731033, 'j': -0.857492843085983, 'k': -0.41537740711785176, 'l': 1.0062921561352036, 'm': 2.5204756277766585, 'n': -3.5544418785053606, 'o': 1.0313323230053921, 'p': -2.4338319774060153, 'q': 2.5303933786492045, 'r': 0.9840277918520144, 's': -2.9544655446616788, 't': 2.8431572151672047}. Best is trial 74 with value: 29.489863628966628.[0m
[32m[I 2022-08-16 14:12:14,326][0m Trial 113 finished with value: 47.60968054975285 and parameters: {'a': 1.994119317524681, 'b': -0.4294508077849639, 'c': -0.9160742506573251, 'd': 2.1935867897103187, 'e': -1.5526869411337896, 'f': 0.24082271391070423, 'g': -0.039524744978020096, 'h': 0.12254962448815129, 'i': 1.8032945044142086, 'j': 2.6235721451766536, 'k': 2.0496948976371447, 'l': -0.5950133624529237, 'm': 2.7455485156117345, 'n': 1.1246571076796212, 'o': 3.0475487298211683, 'p': -0.4889412476411203, 'q': -1.392352347694026, 'r': -0.21311916054306176, 's': -0.1408558601910537, 't': -0.537222961446312}. Best is trial 74 with value: 29.489863628966628.[0m
Minimum objective value: 29.489863628966628
Best parameter: {'a': 3.193496607590811, 'b': -1.464491894985514, 'c': -0.18684658104293916, 'd': 0.9137991532687424, 'e': -0.8967255799595707, 'f': -0.7578281863721743, 'g': 0.8105314700568462, 'h': -1.1483886913965593, 'i': -2.188449598004967, 'j': -1.591135837009128, 'k': -0.11904215301802694, 'l': 0.5744527167650633, 'm': 0.44267781758655467, 'n': -1.6879303927050224, 'o': 0.1285464835909231, 'p': 0.5039354393402427, 'q': 1.1512659312746958, 'r': 0.27486567730604017, 's': 0.29424503110888395, 't': -0.6740205187139031}
[32m[I 2022-08-16 14:12:14,455][0m Trial 14 finished with value: 189.534010256254 and parameters: {'a': 4.917607918956899, 'b': -0.7847395961373147, 'c': -3.6572645001479818, 'd': -4.907289732798807, 'e': 3.020725633874261, 'f': 2.594109048208865, 'g': -3.6311064414497505, 'h': -4.8319730894449915, 'i': -2.4356106799558392, 'j': 0.5175100377936426, 'k': -0.9388409340127355, 'l': -3.439585501116798, 'm': 2.54891831924314, 'n': -0.5822403927732491, 'o': -0.7995162917765954, 'p': 4.563695210717682, 'q': -2.964837633614816, 'r': -2.004338937652585, 's': -2.5658444811340178, 't': 2.8784122415128746}. Best is trial 74 with value: 29.489863628966628.[0m
[32m[I 2022-08-16 14:12:14,530][0m Trial 72 finished with value: 63.42666860907361 and parameters: {'a': 1.0090927759377584, 'b': 0.2127246390637379, 'c': 0.7666706933567317, 'd': -1.9938874916301346, 'e': 0.19292094908427526, 'f': 1.0027178608347518, 'g': 2.09258340845485, 'h': -2.16074652823779, 'i': -1.16786757344707, 'j': 0.7958440905313647, 'k': 3.9121470049768687, 'l': 2.0330513748835224, 'm': -1.5480361320153277, 'n': 0.2852342092702347, 'o': 0.16504729514985159, 'p': 3.0589834265749256, 'q': -1.449541110445345, 'r': 3.3162403550496564, 's': 1.1173471957406051, 't': 0.25383333810832387}. Best is trial 74 with value: 29.489863628966628.[0m
Minimum objective value: 29.489863628966628
Best parameter: {'a': 3.193496607590811, 'b': -1.464491894985514, 'c': -0.18684658104293916, 'd': 0.9137991532687424, 'e': -0.8967255799595707, 'f': -0.7578281863721743, 'g': 0.8105314700568462, 'h': -1.1483886913965593, 'i': -2.188449598004967, 'j': -1.591135837009128, 'k': -0.11904215301802694, 'l': 0.5744527167650633, 'm': 0.44267781758655467, 'n': -1.6879303927050224, 'o': 0.1285464835909231, 'p': 0.5039354393402427, 'q': 1.1512659312746958, 'r': 0.27486567730604017, 's': 0.29424503110888395, 't': -0.6740205187139031}
[32m[I 2022-08-16 14:12:14,762][0m Trial 88 finished with value: 45.0313240156159 and parameters: {'a': -2.1567798669602007, 'b': -0.4515458183738307, 'c': -0.6756464029384214, 'd': 0.9499782039583581, 'e': 0.16557846850518712, 'f': -0.2547396012024749, 'g': 0.6983155787295318, 'h': -2.285520221949242, 'i': -0.35472716311084834, 'j': 0.6345694549321479, 'k': -1.931843603264116, 'l': 1.2056925145481245, 'm': 1.6147087818973838, 'n': 0.7037271661122497, 'o': -3.1967338822929836, 'p': -0.7645938495875542, 'q': 0.7307229199435098, 'r': 3.5366409071869205, 's': -0.2629115434012345, 't': -0.5309045141645152}. Best is trial 74 with value: 29.489863628966628.[0m
Minimum objective value: 29.489863628966628
Best parameter: {'a': 3.193496607590811, 'b': -1.464491894985514, 'c': -0.18684658104293916, 'd': 0.9137991532687424, 'e': -0.8967255799595707, 'f': -0.7578281863721743, 'g': 0.8105314700568462, 'h': -1.1483886913965593, 'i': -2.188449598004967, 'j': -1.591135837009128, 'k': -0.11904215301802694, 'l': 0.5744527167650633, 'm': 0.44267781758655467, 'n': -1.6879303927050224, 'o': 0.1285464835909231, 'p': 0.5039354393402427, 'q': 1.1512659312746958, 'r': 0.27486567730604017, 's': 0.29424503110888395, 't': -0.6740205187139031}
[32m[I 2022-08-16 14:12:14,812][0m Trial 44 finished with value: 154.127984545162 and parameters: {'a': 0.4379743513449954, 'b': 2.6084979476452945, 'c': -4.9649264060277, 'd': 1.2851972631328934, 'e': -5.106704104594413, 'f': -1.8169013036688715, 'g': 2.313759839680622, 'h': 4.65579386460795, 'i': -2.9024140802627993, 'j': 1.918342472612732, 'k': -3.8342750861410617, 'l': -0.13985805311384603, 'm': 0.6689667616824666, 'n': 1.4647330591516345, 'o': -1.1909894559356826, 'p': -4.454198891692098, 'q': -0.20812499699170317, 'r': 3.3005205051225532, 's': 0.7655871842879431, 't': 1.4902239652157654}. Best is trial 74 with value: 29.489863628966628.[0m
[32m[I 2022-08-16 14:12:14,858][0m Trial 78 finished with value: 71.82656351681295 and parameters: {'a': 1.2635565574590233, 'b': -1.7047458452963014, 'c': 2.0429192554635445, 'd': -0.45041856762544286, 'e': -1.2002670087244454, 'f': -0.7860641886706232, 'g': 0.8349048194495611, 'h': 0.8475293937679991, 'i': -2.0742507188123245, 'j': 1.8239871663961498, 'k': 2.038656919876955, 'l': -2.728194616290117, 'm': 3.3197824085771392, 'n': -2.386938955757865, 'o': 3.915870914921268, 'p': 1.8154607455361804, 'q': -1.596763157588014, 'r': -0.8670164932481647, 's': -0.7249878023846231, 't': -1.0341943049351223}. Best is trial 74 with value: 29.489863628966628.[0m
Minimum objective value: 29.489863628966628
Best parameter: {'a': 3.193496607590811, 'b': -1.464491894985514, 'c': -0.18684658104293916, 'd': 0.9137991532687424, 'e': -0.8967255799595707, 'f': -0.7578281863721743, 'g': 0.8105314700568462, 'h': -1.1483886913965593, 'i': -2.188449598004967, 'j': -1.591135837009128, 'k': -0.11904215301802694, 'l': 0.5744527167650633, 'm': 0.44267781758655467, 'n': -1.6879303927050224, 'o': 0.1285464835909231, 'p': 0.5039354393402427, 'q': 1.1512659312746958, 'r': 0.27486567730604017, 's': 0.29424503110888395, 't': -0.6740205187139031}
[32m[I 2022-08-16 14:12:15,235][0m Trial 63 finished with value: 179.4052224664598 and parameters: {'a': 0.8113047450902391, 'b': 0.5415181084669998, 'c': -0.42759616300862024, 'd': -1.0831323974263878, 'e': -0.5985768940670946, 'f': 1.6735280390722709, 'g': -3.2928364226460625, 'h': 3.0168344282865354, 'i': 4.9558212633522105, 'j': 5.0469995532725305, 'k': 1.710329269444176, 'l': 3.1110142025295895, 'm': 5.081940159117125, 'n': -3.792693538046119, 'o': 0.29996670902105294, 'p': -1.2664724056644117, 'q': -2.6191499582273208, 'r': 4.277804772536785, 's': -2.301745197840493, 't': 4.3585009862001955}. Best is trial 74 with value: 29.489863628966628.[0m
[32m[I 2022-08-16 14:12:15,405][0m Trial 19 finished with value: 124.7458850722005 and parameters: {'a': -2.91427428180614, 'b': -2.758773534689376, 'c': -2.466364623929101, 'd': -2.1442145080328565, 'e': 0.4521833234461994, 'f': -0.8648975476168514, 'g': 4.515422997578294, 'h': 3.486192921537282, 'i': -2.063252391172172, 'j': 3.1244334828574507, 'k': -0.2897151416687711, 'l': 2.271873611767945, 'm': -2.0823862826973323, 'n': 1.226336923567409, 'o': -0.26547305563929147, 'p': 4.997340207120911, 'q': -3.2419610754942356, 'r': -0.42631672464409487, 's': 1.585233823855762, 't': -1.0548752973919138}. Best is trial 74 with value: 29.489863628966628.[0m
[32m[I 2022-08-16 14:12:16,132][0m Trial 97 finished with value: 43.99508837554759 and parameters: {'a': 0.8685348849238098, 'b': -0.5624314904448912, 'c': -1.3567717172138294, 'd': -2.4657444402970943, 'e': -3.6462487007065034, 'f': 1.441245847831718, 'g': 0.46673534603859407, 'h': 0.4815347813486411, 'i': 0.6151301427780705, 'j': -2.05821797023287, 'k': -1.8475061414850857, 'l': -1.2944874309150318, 'm': 2.8728959694069136, 'n': -0.14664637033794967, 'o': 0.03666560580286414, 'p': -0.9265482742759789, 'q': -0.04871154781937852, 'r': 0.12121553794138566, 's': 0.5323165169620383, 't': 0.2066931711353877}. Best is trial 74 with value: 29.489863628966628.[0m
Minimum objective value: 29.489863628966628
Best parameter: {'a': 3.193496607590811, 'b': -1.464491894985514, 'c': -0.18684658104293916, 'd': 0.9137991532687424, 'e': -0.8967255799595707, 'f': -0.7578281863721743, 'g': 0.8105314700568462, 'h': -1.1483886913965593, 'i': -2.188449598004967, 'j': -1.591135837009128, 'k': -0.11904215301802694, 'l': 0.5744527167650633, 'm': 0.44267781758655467, 'n': -1.6879303927050224, 'o': 0.1285464835909231, 'p': 0.5039354393402427, 'q': 1.1512659312746958, 'r': 0.27486567730604017, 's': 0.29424503110888395, 't': -0.6740205187139031}
[32m[I 2022-08-16 14:12:16,601][0m Trial 121 finished with value: 49.89197128855972 and parameters: {'a': 2.3522297152539133, 'b': 0.07459546900341306, 'c': 0.845228409084182, 'd': -2.2798772968798056, 'e': -2.387245471580801, 'f': -0.8950974972202047, 'g': 1.1636738398978776, 'h': -2.077806095284448, 'i': 1.309926399115351, 'j': -0.5752283642183358, 'k': 0.43934757917153777, 'l': -1.5800395320135032, 'm': -0.2432063291210911, 'n': -0.671539269820669, 'o': -2.6655622067846965, 'p': -1.727392582792793, 'q': 2.626341321326798, 'r': -0.5904545069908821, 's': 1.8897428043029756, 't': 0.34148889037724134}. Best is trial 74 with value: 29.489863628966628.[0m
[32m[I 2022-08-16 14:12:16,609][0m Trial 129 finished with value: 52.364414748495946 and parameters: {'a': 0.07914969936762106, 'b': -3.1637678302986125, 'c': 4.298323227468592, 'd': 1.537961086844557, 'e': 0.395499715745417, 'f': -0.8745528915468848, 'g': 2.1665432441553993, 'h': -0.6215664128516761, 'i': 2.0019349057473943, 'j': -0.22478888549206616, 'k': 0.8117495917974998, 'l': -0.11904522868947769, 'm': -0.6953081708108988, 'n': -0.20337059221904297, 'o': 0.037366538863457865, 'p': 0.31256742784411734, 'q': 0.016294715717562802, 'r': 0.3047248086176933, 's': -3.171415716422043, 't': -0.002905657500571701}. Best is trial 74 with value: 29.489863628966628.[0m
Minimum objective value: 29.489863628966628
Best parameter: {'a': 3.193496607590811, 'b': -1.464491894985514, 'c': -0.18684658104293916, 'd': 0.9137991532687424, 'e': -0.8967255799595707, 'f': -0.7578281863721743, 'g': 0.8105314700568462, 'h': -1.1483886913965593, 'i': -2.188449598004967, 'j': -1.591135837009128, 'k': -0.11904215301802694, 'l': 0.5744527167650633, 'm': 0.44267781758655467, 'n': -1.6879303927050224, 'o': 0.1285464835909231, 'p': 0.5039354393402427, 'q': 1.1512659312746958, 'r': 0.27486567730604017, 's': 0.29424503110888395, 't': -0.6740205187139031}
Minimum objective value: 29.489863628966628
Best parameter: {'a': 3.193496607590811, 'b': -1.464491894985514, 'c': -0.18684658104293916, 'd': 0.9137991532687424, 'e': -0.8967255799595707, 'f': -0.7578281863721743, 'g': 0.8105314700568462, 'h': -1.1483886913965593, 'i': -2.188449598004967, 'j': -1.591135837009128, 'k': -0.11904215301802694, 'l': 0.5744527167650633, 'm': 0.44267781758655467, 'n': -1.6879303927050224, 'o': 0.1285464835909231, 'p': 0.5039354393402427, 'q': 1.1512659312746958, 'r': 0.27486567730604017, 's': 0.29424503110888395, 't': -0.6740205187139031}
[32m[I 2022-08-16 14:12:17,304][0m Trial 2 finished with value: 140.7503163676134 and parameters: {'a': -4.657818212763383, 'b': -3.3608253464176348, 'c': 3.4632870222067096, 'd': 0.09316106007903358, 'e': -0.6230920792148416, 'f': -2.8119402861584413, 'g': -0.7821144815045677, 'h': 0.13581327488402728, 'i': -0.18481069625820545, 'j': -2.676699790008163, 'k': -3.612852591679646, 'l': -3.809376670244849, 'm': -0.5862577080749647, 'n': 2.427097275118106, 'o': 0.6514734321652824, 'p': -4.600845751526943, 'q': -3.53072103799998, 'r': -0.48563256328525295, 's': -1.0449561153401676, 't': -3.2323473771892113}. Best is trial 74 with value: 29.489863628966628.[0m
[32m[I 2022-08-16 14:12:17,880][0m Trial 71 finished with value: 43.46526639202079 and parameters: {'a': 0.9797844150635072, 'b': -0.2742509443702658, 'c': 2.1207477791921434, 'd': -3.1987285334895468, 'e': -0.22275071477503589, 'f': -1.546235382824033, 'g': 0.15942580516956265, 'h': 0.1338392981423616, 'i': -0.4234341712893645, 'j': -0.1355879258354119, 'k': -1.210485128774656, 'l': -0.8754206247850187, 'm': -2.3102587475835317, 'n': -0.4780933753970923, 'o': -2.6098592343649614, 'p': -2.6631549979607065, 'q': 1.2787318074672283, 'r': -0.5795170034977558, 's': 1.1276833525651426, 't': -0.27429781808919745}. Best is trial 74 with value: 29.489863628966628.[0m
Minimum objective value: 29.489863628966628
Best parameter: {'a': 3.193496607590811, 'b': -1.464491894985514, 'c': -0.18684658104293916, 'd': 0.9137991532687424, 'e': -0.8967255799595707, 'f': -0.7578281863721743, 'g': 0.8105314700568462, 'h': -1.1483886913965593, 'i': -2.188449598004967, 'j': -1.591135837009128, 'k': -0.11904215301802694, 'l': 0.5744527167650633, 'm': 0.44267781758655467, 'n': -1.6879303927050224, 'o': 0.1285464835909231, 'p': 0.5039354393402427, 'q': 1.1512659312746958, 'r': 0.27486567730604017, 's': 0.29424503110888395, 't': -0.6740205187139031}
[32m[I 2022-08-16 14:12:18,373][0m Trial 26 finished with value: 222.64687993885525 and parameters: {'a': -3.4562895997982244, 'b': 4.701269379786457, 'c': -5.108928676632536, 'd': 4.3048063832547685, 'e': 0.07698630804598139, 'f': 1.1884366274469462, 'g': 3.961140492303975, 'h': -3.867367092258588, 'i': -2.72201774735378, 'j': 1.649044779367383, 'k': -0.6974355020052805, 'l': 4.291164097095684, 'm': 4.890095447516791, 'n': 0.8985666520233169, 'o': -3.9125593450074576, 'p': -2.8701083675034114, 'q': 2.2849652163260403, 'r': -1.8807579967091614, 's': -5.077761245930913, 't': 0.25242499779849403}. Best is trial 74 with value: 29.489863628966628.[0m
[32m[I 2022-08-16 14:12:18,513][0m Trial 51 finished with value: 179.65016561598048 and parameters: {'a': 3.353112898777403, 'b': 1.8405771022940778, 'c': 0.6638839497642861, 'd': -3.1146124098999817, 'e': -2.6888511399752657, 'f': -2.1328839732121128, 'g': 0.6729668129179212, 'h': -1.412279551675923, 'i': -2.7964974246234067, 'j': 3.3503953078668625, 'k': -2.261331031233809, 'l': -0.3377598559260404, 'm': -2.7493010255040677, 'n': 4.69296576829577, 'o': 4.215547385560664, 'p': -3.3253952612106756, 'q': -3.145457954084725, 'r': 4.666005399836105, 's': 4.62166468790521, 't': 2.2227844115699336}. Best is trial 74 with value: 29.489863628966628.[0m
[32m[I 2022-08-16 14:12:18,970][0m Trial 95 finished with value: 67.09221058056784 and parameters: {'a': 1.4709832682501296, 'b': 0.32493260932630735, 'c': 3.429375361062655, 'd': -3.130876572064497, 'e': -0.9671758252937819, 'f': -0.5632841526669844, 'g': 1.6261931545657382, 'h': 0.5959378384841417, 'i': -0.08380220369884797, 'j': -0.2944768827514939, 'k': -1.5216906252520346, 'l': 0.49529824638555997, 'm': -3.0229375195853287, 'n': -2.376589644172921, 'o': 3.455787536998268, 'p': -1.8450103375787366, 'q': 0.8158292271332319, 'r': 0.5266201703996126, 's': 1.4436276548507194, 't': 1.7869081137439766}. Best is trial 74 with value: 29.489863628966628.[0m
Minimum objective value: 29.489863628966628
Best parameter: {'a': 3.193496607590811, 'b': -1.464491894985514, 'c': -0.18684658104293916, 'd': 0.9137991532687424, 'e': -0.8967255799595707, 'f': -0.7578281863721743, 'g': 0.8105314700568462, 'h': -1.1483886913965593, 'i': -2.188449598004967, 'j': -1.591135837009128, 'k': -0.11904215301802694, 'l': 0.5744527167650633, 'm': 0.44267781758655467, 'n': -1.6879303927050224, 'o': 0.1285464835909231, 'p': 0.5039354393402427, 'q': 1.1512659312746958, 'r': 0.27486567730604017, 's': 0.29424503110888395, 't': -0.6740205187139031}
[32m[I 2022-08-16 14:12:19,374][0m Trial 41 finished with value: 170.57584139298106 and parameters: {'a': -1.7970578330971172, 'b': -3.031355771196055, 'c': 4.644133915747932, 'd': -2.144879212407901, 'e': 3.261422865861875, 'f': -1.9647160563071497, 'g': 2.4498241256103954, 'h': 0.7630572432438552, 'i': -4.28707979060007, 'j': -4.853244481091023, 'k': -3.370173422903017, 'l': 2.4579484704357837, 'm': -4.843197012471635, 'n': -0.24925457935599482, 'o': -1.2090937266689035, 'p': -0.03724199848964993, 'q': 0.9271425333371166, 'r': 3.049348662263447, 's': 1.9842110538276874, 't': 3.535269248500703}. Best is trial 74 with value: 29.489863628966628.[0m
