[32m[I 2022-08-16 14:11:52,268][0m Trial 11 finished with value: 138.83173349254673 and parameters: {'a': -1.9571754066095846, 'b': 0.9786425249181425, 'c': 1.963748020096273, 'd': 2.2732694504914743, 'e': 3.135789082741282, 'f': -3.893937722752537, 'g': 3.1305960388694194, 'h': -0.663866193568448, 'i': -1.8095161286463894, 'j': -2.843598282133726, 'k': -1.0198935342031223, 'l': -1.6810384498483986, 'm': 3.0644424347139454, 'n': 2.1613538790164544, 'o': -4.603102931414072, 'p': 1.143778112400022, 'q': -0.7386648179633406, 'r': 2.393684034698201, 's': -4.76942660263824, 't': 2.9956347277835826}. Best is trial 47 with value: 122.13482755983415.[0m
[33m[W 2022-08-16 14:11:52,276][0m The parameter 'r' in trial#53 is sampled independently by using `RandomSampler` instead of `CmaEsSampler` (optimization performance may be degraded). `CmaEsSampler` does not support dynamic search space or `CategoricalDistribution`. You can suppress this warning by setting `warn_independent_sampling` to `False` in the constructor of `CmaEsSampler`, if this independent sampling is intended behavior.[0m
[33m[W 2022-08-16 14:11:52,286][0m The parameter 'm' in trial#64 is sampled independently by using `RandomSampler` instead of `CmaEsSampler` (optimization performance may be degraded). `CmaEsSampler` does not support dynamic search space or `CategoricalDistribution`. You can suppress this warning by setting `warn_independent_sampling` to `False` in the constructor of `CmaEsSampler`, if this independent sampling is intended behavior.[0m
[33m[W 2022-08-16 14:11:52,290][0m The parameter 'r' in trial#66 is sampled independently by using `RandomSampler` instead of `CmaEsSampler` (optimization performance may be degraded). `CmaEsSampler` does not support dynamic search space or `CategoricalDistribution`. You can suppress this warning by setting `warn_independent_sampling` to `False` in the constructor of `CmaEsSampler`, if this independent sampling is intended behavior.[0m
[33m[W 2022-08-16 14:11:52,349][0m The parameter 's' in trial#66 is sampled independently by using `RandomSampler` instead of `CmaEsSampler` (optimization performance may be degraded). `CmaEsSampler` does not support dynamic search space or `CategoricalDistribution`. You can suppress this warning by setting `warn_independent_sampling` to `False` in the constructor of `CmaEsSampler`, if this independent sampling is intended behavior.[0m
[33m[W 2022-08-16 14:11:52,356][0m The parameter 's' in trial#53 is sampled independently by using `RandomSampler` instead of `CmaEsSampler` (optimization performance may be degraded). `CmaEsSampler` does not support dynamic search space or `CategoricalDistribution`. You can suppress this warning by setting `warn_independent_sampling` to `False` in the constructor of `CmaEsSampler`, if this independent sampling is intended behavior.[0m
[33m[W 2022-08-16 14:11:52,357][0m The parameter 'n' in trial#64 is sampled independently by using `RandomSampler` instead of `CmaEsSampler` (optimization performance may be degraded). `CmaEsSampler` does not support dynamic search space or `CategoricalDistribution`. You can suppress this warning by setting `warn_independent_sampling` to `False` in the constructor of `CmaEsSampler`, if this independent sampling is intended behavior.[0m
[33m[W 2022-08-16 14:11:52,378][0m The parameter 'q' in trial#26 is sampled independently by using `RandomSampler` instead of `CmaEsSampler` (optimization performance may be degraded). `CmaEsSampler` does not support dynamic search space or `CategoricalDistribution`. You can suppress this warning by setting `warn_independent_sampling` to `False` in the constructor of `CmaEsSampler`, if this independent sampling is intended behavior.[0m
[33m[W 2022-08-16 14:11:52,406][0m The parameter 't' in trial#66 is sampled independently by using `RandomSampler` instead of `CmaEsSampler` (optimization performance may be degraded). `CmaEsSampler` does not support dynamic search space or `CategoricalDistribution`. You can suppress this warning by setting `warn_independent_sampling` to `False` in the constructor of `CmaEsSampler`, if this independent sampling is intended behavior.[0m
[33m[W 2022-08-16 14:11:52,411][0m The parameter 't' in trial#53 is sampled independently by using `RandomSampler` instead of `CmaEsSampler` (optimization performance may be degraded). `CmaEsSampler` does not support dynamic search space or `CategoricalDistribution`. You can suppress this warning by setting `warn_independent_sampling` to `False` in the constructor of `CmaEsSampler`, if this independent sampling is intended behavior.[0m
[33m[W 2022-08-16 14:11:52,414][0m The parameter 'o' in trial#64 is sampled independently by using `RandomSampler` instead of `CmaEsSampler` (optimization performance may be degraded). `CmaEsSampler` does not support dynamic search space or `CategoricalDistribution`. You can suppress this warning by setting `warn_independent_sampling` to `False` in the constructor of `CmaEsSampler`, if this independent sampling is intended behavior.[0m
[33m[W 2022-08-16 14:11:52,423][0m The parameter 'r' in trial#26 is sampled independently by using `RandomSampler` instead of `CmaEsSampler` (optimization performance may be degraded). `CmaEsSampler` does not support dynamic search space or `CategoricalDistribution`. You can suppress this warning by setting `warn_independent_sampling` to `False` in the constructor of `CmaEsSampler`, if this independent sampling is intended behavior.[0m
[33m[W 2022-08-16 14:11:52,469][0m The parameter 'p' in trial#64 is sampled independently by using `RandomSampler` instead of `CmaEsSampler` (optimization performance may be degraded). `CmaEsSampler` does not support dynamic search space or `CategoricalDistribution`. You can suppress this warning by setting `warn_independent_sampling` to `False` in the constructor of `CmaEsSampler`, if this independent sampling is intended behavior.[0m
[33m[W 2022-08-16 14:11:52,470][0m The parameter 's' in trial#26 is sampled independently by using `RandomSampler` instead of `CmaEsSampler` (optimization performance may be degraded). `CmaEsSampler` does not support dynamic search space or `CategoricalDistribution`. You can suppress this warning by setting `warn_independent_sampling` to `False` in the constructor of `CmaEsSampler`, if this independent sampling is intended behavior.[0m
[33m[W 2022-08-16 14:11:52,621][0m The parameter 'q' in trial#64 is sampled independently by using `RandomSampler` instead of `CmaEsSampler` (optimization performance may be degraded). `CmaEsSampler` does not support dynamic search space or `CategoricalDistribution`. You can suppress this warning by setting `warn_independent_sampling` to `False` in the constructor of `CmaEsSampler`, if this independent sampling is intended behavior.[0m
[33m[W 2022-08-16 14:11:52,673][0m The parameter 't' in trial#26 is sampled independently by using `RandomSampler` instead of `CmaEsSampler` (optimization performance may be degraded). `CmaEsSampler` does not support dynamic search space or `CategoricalDistribution`. You can suppress this warning by setting `warn_independent_sampling` to `False` in the constructor of `CmaEsSampler`, if this independent sampling is intended behavior.[0m
[33m[W 2022-08-16 14:11:52,692][0m The parameter 'r' in trial#64 is sampled independently by using `RandomSampler` instead of `CmaEsSampler` (optimization performance may be degraded). `CmaEsSampler` does not support dynamic search space or `CategoricalDistribution`. You can suppress this warning by setting `warn_independent_sampling` to `False` in the constructor of `CmaEsSampler`, if this independent sampling is intended behavior.[0m
[33m[W 2022-08-16 14:11:52,737][0m The parameter 's' in trial#64 is sampled independently by using `RandomSampler` instead of `CmaEsSampler` (optimization performance may be degraded). `CmaEsSampler` does not support dynamic search space or `CategoricalDistribution`. You can suppress this warning by setting `warn_independent_sampling` to `False` in the constructor of `CmaEsSampler`, if this independent sampling is intended behavior.[0m
[33m[W 2022-08-16 14:11:52,782][0m The parameter 't' in trial#64 is sampled independently by using `RandomSampler` instead of `CmaEsSampler` (optimization performance may be degraded). `CmaEsSampler` does not support dynamic search space or `CategoricalDistribution`. You can suppress this warning by setting `warn_independent_sampling` to `False` in the constructor of `CmaEsSampler`, if this independent sampling is intended behavior.[0m
[32m[I 2022-08-16 14:11:53,018][0m Trial 21 finished with value: 232.3560025881043 and parameters: {'a': -4.409979258444059, 'b': 2.6051305473717417, 'c': -4.937356676887076, 'd': 4.101761754466547, 'e': -4.124950748574554, 'f': -2.8706243914587866, 'g': -3.0928640903426174, 'h': -3.214359571075989, 'i': -2.3483915985978525, 'j': -0.8360961381850629, 'k': -4.340425933183101, 'l': 4.027380674917592, 'm': 3.471864708153988, 'n': 4.072198127707863, 'o': -3.6297651077766466, 'p': 3.552167313377198, 'q': -0.9992393398892547, 'r': -3.0543903384616486, 's': -2.70266630044364, 't': 2.5359050925308555}. Best is trial 47 with value: 122.13482755983415.[0m
[32m[I 2022-08-16 14:11:53,226][0m Trial 39 finished with value: 76.77991979591967 and parameters: {'a': 1.368082085175943, 'b': 4.397457027129426, 'c': 1.0640262811161731, 'd': -2.550054222704198, 'e': 2.009947477411715, 'f': 0.3352182277615592, 'g': 0.6612485595690112, 'h': -1.3672614773743375, 'i': -2.5457707541297157, 'j': -3.253959020443302, 'k': -1.4672576825680177, 'l': 0.573451630593337, 'm': -1.9874521057155095, 'n': 0.0021653257920437596, 'o': -2.4754820578128043, 'p': -0.3886153723254475, 'q': 0.27169132215767533, 'r': -1.2829597046369043, 's': 2.451349730350926, 't': -1.9919813304298772}. Best is trial 39 with value: 76.77991979591967.[0m
[32m[I 2022-08-16 14:11:53,500][0m Trial 8 finished with value: 117.71762925997143 and parameters: {'a': -3.5940707349584775, 'b': 1.7451244512054158, 'c': -1.7340325458022212, 'd': 2.755065746351983, 'e': -1.3397122641658985, 'f': 1.6418024710625048, 'g': 0.07860804521032172, 'h': 1.5345013208282765, 'i': -3.1619815963738462, 'j': 4.261692300904508, 'k': 0.8086194167288037, 'l': 2.9038757748892197, 'm': -2.251504076375228, 'n': -3.6479136226102558, 'o': -1.251208651397485, 'p': -3.5534018051520424, 'q': -0.07616269673822451, 'r': -0.04028936177989273, 's': -2.8960658863512334, 't': -2.469106972642195}. Best is trial 39 with value: 76.77991979591967.[0m
[32m[I 2022-08-16 14:11:54,499][0m Trial 34 finished with value: 147.50453293883587 and parameters: {'a': -0.1168396959978022, 'b': 3.133137176741166, 'c': -0.4589562308689139, 'd': -0.5000348574647902, 'e': 1.1720789232715525, 'f': 2.6014849319757154, 'g': 1.6202331035692286, 'h': 2.992903912950312, 'i': 4.96611848374038, 'j': 1.8008185497406446, 'k': 1.008250390131452, 'l': 4.526240038427079, 'm': -2.2496737638589432, 'n': -0.2902207627816855, 'o': 4.686251201613856, 'p': -0.745058362457768, 'q': 1.9050889140998741, 'r': -4.2469983573414405, 's': 4.016433551839829, 't': 1.619079208737027}. Best is trial 39 with value: 76.77991979591967.[0m
[32m[I 2022-08-16 14:11:54,622][0m Trial 29 finished with value: 220.6540183285613 and parameters: {'a': 4.77332508901299, 'b': 4.404511910959186, 'c': -0.7704325706771566, 'd': 2.043241252478457, 'e': -4.585209791021606, 'f': -4.112668676394812, 'g': 2.5026810154771466, 'h': 3.145625352708403, 'i': -1.6559528276494508, 'j': -1.5976374174116246, 'k': -3.191882929581019, 'l': 0.16757520667351766, 'm': -4.90196142544102, 'n': 4.633143392055618, 'o': -5.0032799678271624, 'p': 2.0794166288984313, 'q': -1.4715292175218453, 'r': -0.9984206747316096, 's': -4.407119137490244, 't': 2.5800977089398813}. Best is trial 39 with value: 76.77991979591967.[0m
[32m[I 2022-08-16 14:11:55,081][0m Trial 56 finished with value: 153.947287374116 and parameters: {'a': -2.6430120284143537, 'b': 1.553284339348978, 'c': 0.34361016208023454, 'd': 5.0410183543908, 'e': 4.320770668421718, 'f': 1.3831115709211774, 'g': 3.868825361033351, 'h': -1.5864734289176, 'i': -2.401876642168653, 'j': 4.200251762235085, 'k': 2.911913495236564, 'l': 3.6610454934838197, 'm': -3.5292440122261555, 'n': -0.7317564206141389, 'o': 1.9342971031588494, 'p': 1.4043998731635021, 'q': 1.3149264401844096, 'r': 3.539982216142193, 's': -0.5585680284381382, 't': -1.5431735673768014}. Best is trial 39 with value: 76.77991979591967.[0m
[32m[I 2022-08-16 14:11:56,132][0m Trial 18 finished with value: 110.48439881447864 and parameters: {'a': 1.7799492225735012, 'b': 2.8482971185166663, 'c': -2.5080325001606436, 'd': 0.7673134833293567, 'e': 4.009318900299374, 'f': 0.7755451866129759, 'g': 2.8653393037053103, 'h': -1.0034623999610668, 'i': 4.489348083457338, 'j': -0.02780730180285218, 'k': -1.468138274110729, 'l': -1.667945732351774, 'm': 2.6099246224060737, 'n': 4.313764251225188, 'o': 1.2414011409030987, 'p': 0.5797509443977527, 'q': 2.7100747489260586, 'r': 2.4531066678553985, 's': 0.6852803546269479, 't': -0.45757628311076726}. Best is trial 39 with value: 76.77991979591967.[0m
[32m[I 2022-08-16 14:11:56,162][0m Trial 37 finished with value: 143.77459433443224 and parameters: {'a': -2.522854518356603, 'b': -3.9399832173330926, 'c': 2.817861641287114, 'd': -2.3110518787113414, 'e': -3.8198049835473524, 'f': 2.0067176126331434, 'g': -1.1208948361495925, 'h': 3.747377931079284, 'i': -0.9194530322678718, 'j': 4.994022558236725, 'k': -2.3483094738267187, 'l': -1.21974492735171, 'm': -2.1877079029458435, 'n': -1.785481433209378, 'o': -0.871140764817186, 'p': -3.808934451162602, 'q': 2.1204643511928722, 'r': 2.542914318318111, 's': -1.2950656858982939, 't': -2.4533872447119713}. Best is trial 39 with value: 76.77991979591967.[0m
[32m[I 2022-08-16 14:11:56,337][0m Trial 74 finished with value: 29.489863628966628 and parameters: {'a': 3.193496607590811, 'b': -1.464491894985514, 'c': -0.18684658104293916, 'd': 0.9137991532687424, 'e': -0.8967255799595707, 'f': -0.7578281863721743, 'g': 0.8105314700568462, 'h': -1.1483886913965593, 'i': -2.188449598004967, 'j': -1.591135837009128, 'k': -0.11904215301802694, 'l': 0.5744527167650633, 'm': 0.44267781758655467, 'n': -1.6879303927050224, 'o': 0.1285464835909231, 'p': 0.5039354393402427, 'q': 1.1512659312746958, 'r': 0.27486567730604017, 's': 0.29424503110888395, 't': -0.6740205187139031}. Best is trial 74 with value: 29.489863628966628.[0m
Minimum objective value: 29.489863628966628
Best parameter: {'a': 3.193496607590811, 'b': -1.464491894985514, 'c': -0.18684658104293916, 'd': 0.9137991532687424, 'e': -0.8967255799595707, 'f': -0.7578281863721743, 'g': 0.8105314700568462, 'h': -1.1483886913965593, 'i': -2.188449598004967, 'j': -1.591135837009128, 'k': -0.11904215301802694, 'l': 0.5744527167650633, 'm': 0.44267781758655467, 'n': -1.6879303927050224, 'o': 0.1285464835909231, 'p': 0.5039354393402427, 'q': 1.1512659312746958, 'r': 0.27486567730604017, 's': 0.29424503110888395, 't': -0.6740205187139031}
[32m[I 2022-08-16 14:11:57,240][0m Trial 60 finished with value: 146.04166427765702 and parameters: {'a': -1.066749480999416, 'b': -4.6265957950960175, 'c': 1.1742755703806935, 'd': -2.69295795975593, 'e': 4.343387537350057, 'f': 2.97462159186209, 'g': -0.08043971665052752, 'h': 3.174109214840647, 'i': 0.08661665006944119, 'j': 4.430135205544375, 'k': 4.419235257812045, 'l': 1.0380480305316784, 'm': -2.580776062025817, 'n': 0.4353928798922926, 'o': 0.9866432416015343, 'p': -0.4032169701375219, 'q': -2.52512082815421, 'r': 0.6402642121106048, 's': -3.7668653309856643, 't': -2.805404359195658}. Best is trial 74 with value: 29.489863628966628.[0m
[32m[I 2022-08-16 14:11:57,383][0m Trial 77 finished with value: 74.01575768973383 and parameters: {'a': -1.727742004809178, 'b': 0.6895070081222519, 'c': 1.1099668481227247, 'd': 2.037936668385671, 'e': 0.08632480374579654, 'f': -0.8996562710137141, 'g': 1.8153593317939414, 'h': -1.7068125744723766, 'i': -0.43928018616561904, 'j': 2.926905031922257, 'k': -1.6803007465631314, 'l': -3.384398574628103, 'm': -1.8913595449932834, 'n': 0.4292989138767176, 'o': -0.9323578279479466, 'p': -1.7486630178403302, 'q': 1.773716176459419, 'r': 2.6432291982781186, 's': -3.788847895877447, 't': 1.7118430316914124}. Best is trial 74 with value: 29.489863628966628.[0m
Minimum objective value: 29.489863628966628
Best parameter: {'a': 3.193496607590811, 'b': -1.464491894985514, 'c': -0.18684658104293916, 'd': 0.9137991532687424, 'e': -0.8967255799595707, 'f': -0.7578281863721743, 'g': 0.8105314700568462, 'h': -1.1483886913965593, 'i': -2.188449598004967, 'j': -1.591135837009128, 'k': -0.11904215301802694, 'l': 0.5744527167650633, 'm': 0.44267781758655467, 'n': -1.6879303927050224, 'o': 0.1285464835909231, 'p': 0.5039354393402427, 'q': 1.1512659312746958, 'r': 0.27486567730604017, 's': 0.29424503110888395, 't': -0.6740205187139031}
[32m[I 2022-08-16 14:11:57,848][0m Trial 68 finished with value: 162.88194955902893 and parameters: {'a': -2.992738359056979, 'b': -1.2346551196778024, 'c': 1.690815012131667, 'd': 2.7022712673546287, 'e': 0.08722797490771317, 'f': -1.3098024105274408, 'g': -2.1314186298486666, 'h': 0.47903978647568213, 'i': -0.22462549238550888, 'j': 5.06552195700126, 'k': 3.4695886229131956, 'l': 4.068422314361119, 'm': -4.399505471254465, 'n': 3.7377509239670337, 'o': 1.1240877241455216, 'p': 0.7409820120975095, 'q': 2.6856863750850106, 'r': 3.6011136376661765, 's': -3.8732294820599487, 't': 3.3350236150280645}. Best is trial 74 with value: 29.489863628966628.[0m
[32m[I 2022-08-16 14:11:58,081][0m Trial 62 finished with value: 200.65940987299498 and parameters: {'a': -3.8020305862395003, 'b': -0.8383260457750454, 'c': -0.8659862520928598, 'd': -2.3011848224380858, 'e': -0.19125143120834398, 'f': -2.1503142564940423, 'g': 0.7451117626333632, 'h': -4.622375365599559, 'i': -3.3759230757605714, 'j': -4.737479181147592, 'k': 2.6995452357345737, 'l': -3.4814873002171263, 'm': -4.965551685745045, 'n': 1.9947021018348883, 'o': 3.442319749697943, 'p': -0.5340499522505988, 'q': 3.8824430804194234, 'r': -4.550464096798993, 's': 1.8762293200762974, 't': -4.422026924600598}. Best is trial 74 with value: 29.489863628966628.[0m
[32m[I 2022-08-16 14:11:58,409][0m Trial 65 finished with value: 138.6973811795421 and parameters: {'a': 1.928753777545329, 'b': -1.5874174404717736, 'c': -4.835429786233848, 'd': -2.206662316798353, 'e': 3.5593616278507385, 'f': 0.5522061061525481, 'g': 0.34049214070859346, 'h': -1.968575816838678, 'i': 0.7827498456363973, 'j': -2.270898940834275, 'k': -2.1932946501998756, 'l': 2.4379104566399734, 'm': 3.210354711647944, 'n': -2.439760219602365, 'o': -5.066146408659507, 'p': 2.6445721125735897, 'q': 2.6246016109443886, 'r': 0.8787312125552651, 's': -0.22876386174781693, 't': 3.753181595988159}. Best is trial 74 with value: 29.489863628966628.[0m
[32m[I 2022-08-16 14:11:58,773][0m Trial 58 finished with value: 155.22330000418555 and parameters: {'a': -2.2511837218425628, 'b': 0.9703834198470442, 'c': 0.5341844675177958, 'd': 0.553478854612317, 'e': -3.80490013532048, 'f': 2.2549857292747593, 'g': -0.4682520650673281, 'h': -4.506080304017312, 'i': 0.8069040135029004, 'j': 1.5065682772757718, 'k': 0.44617134885792087, 'l': -2.4014676453250035, 'm': -4.573349296690128, 'n': 2.5744221855416027, 'o': 2.818852363053886, 'p': 4.510949110245002, 'q': -1.6413357477573869, 'r': 3.679472448674649, 's': 3.2755181762817704, 't': 4.104832403282251}. Best is trial 74 with value: 29.489863628966628.[0m
[32m[I 2022-08-16 14:11:59,159][0m Trial 46 finished with value: 243.49242964167016 and parameters: {'a': -2.996626502804852, 'b': 4.569308400786112, 'c': -3.0984678154082226, 'd': 2.500532000216001, 'e': -3.7664618602582447, 'f': -4.136316472458705, 'g': -4.220974229343735, 'h': -4.913977734360717, 'i': -2.6229582307804105, 'j': -0.6774285608686572, 'k': 1.9034855942560371, 'l': 4.05383141527274, 'm': 4.456672004472165, 'n': 0.7694312575018003, 'o': 3.4309831582002905, 'p': -4.208946381139992, 'q': 3.539456914259154, 'r': -4.2157019045521835, 's': 1.1866287850703268, 't': -3.934123908740678}. Best is trial 74 with value: 29.489863628966628.[0m
[32m[I 2022-08-16 14:11:59,359][0m Trial 57 finished with value: 74.12830463656009 and parameters: {'a': 3.16385257175257, 'b': 2.221689138752697, 'c': -0.46861176876299204, 'd': -3.4120986187642997, 'e': -3.523363536027383, 'f': -1.6637012340238186, 'g': -1.1166232067600994, 'h': -0.0017198818209251954, 'i': 1.2047329981060075, 'j': 0.1558916561840853, 'k': -1.9418039658154056, 'l': 0.14287162015083066, 'm': -0.09723269826123637, 'n': 0.9425098311437692, 'o': 2.7033203404434474, 'p': 1.3669591128398508, 'q': 0.1338683602103421, 'r': -3.1097330893638717, 's': 0.6956227022020993, 't': 2.3191237173661046}. Best is trial 74 with value: 29.489863628966628.[0m
[32m[I 2022-08-16 14:11:59,371][0m Trial 48 finished with value: 212.81152794841753 and parameters: {'a': -0.07805636404594551, 'b': 4.741546934205508, 'c': 3.9135342758624594, 'd': -2.159933945572333, 'e': 4.0063785189859, 'f': -0.9036762955309099, 'g': -4.142954688462502, 'h': 1.140128167775905, 'i': -2.193501011837967, 'j': 5.005499541088493, 'k': -2.9092401357115283, 'l': -4.878858811291695, 'm': 2.4896793874612415, 'n': -3.1292489715440546, 'o': -4.4521912857310095, 'p': -4.770156102956797, 'q': -0.3667033344517652, 'r': 0.5279096888494097, 's': 2.9815794439659458, 't': -2.237621132726913}. Best is trial 74 with value: 29.489863628966628.[0m
